#
# There is insufficient memory for the Java Runtime Environment to continue.
# Native memory allocation (malloc) failed to allocate 396016 bytes for Chunk::new
# Possible reasons:
#   The system is out of physical RAM or swap space
#   In 32 bit mode, the process size limit was hit
# Possible solutions:
#   Reduce memory load on the system
#   Increase physical memory or swap space
#   Check if swap backing store is full
#   Use 64 bit Java on a 64 bit OS
#   Decrease Java heap size (-Xmx/-Xms)
#   Decrease number of Java threads
#   Decrease Java thread stack sizes (-Xss)
#   Set larger code cache with -XX:ReservedCodeCacheSize=
# This output file may be truncated or incomplete.
#
#  Out of Memory Error (allocation.cpp:390), pid=8804, tid=0x0000000000001e94
#
# JRE version: Java(TM) SE Runtime Environment (8.0_121-b13) (build 1.8.0_121-b13)
# Java VM: Java HotSpot(TM) 64-Bit Server VM (25.121-b13 mixed mode windows-amd64 compressed oops)
# Failed to write core dump. Minidumps are not enabled by default on client versions of Windows
#

---------------  T H R E A D  ---------------

Current thread (0x0000000054be1800):  JavaThread "C2 CompilerThread0" daemon [_thread_in_native, id=7828, stack(0x0000000055a60000,0x0000000055b60000)]

Stack: [0x0000000055a60000,0x0000000055b60000]
[error occurred during error reporting (printing stack bounds), id 0xc0000005]

Native frames: (J=compiled Java code, j=interpreted, Vv=VM code, C=native code)


Current CompileTask:
C2:  27674 1848   !   4       org.apache.log4j.spi.LocationInfo::<init> (555 bytes)


---------------  P R O C E S S  ---------------

Java Threads: ( => current thread )
  0x0000000057819000 JavaThread "Exec Stream Pumper" daemon [_thread_in_native, id=6468, stack(0x0000000059220000,0x0000000059320000)]
  0x0000000057818800 JavaThread "Exec Stream Pumper" daemon [_thread_in_native, id=9212, stack(0x0000000056f60000,0x0000000057060000)]
  0x00000000577e1000 JavaThread "UrlChecker-2" daemon [_thread_blocked, id=8640, stack(0x0000000059090000,0x0000000059190000)]
  0x0000000056e2b000 JavaThread "Exec Default Executor" daemon [_thread_in_native, id=5368, stack(0x0000000058a30000,0x0000000058b30000)]
  0x0000000056a24000 JavaThread "ReaderThread" [_thread_in_native, id=9000, stack(0x0000000057330000,0x0000000057430000)]
  0x0000000055f33000 JavaThread "Service Thread" daemon [_thread_blocked, id=5280, stack(0x0000000056490000,0x0000000056590000)]
  0x0000000054bf8800 JavaThread "C1 CompilerThread1" daemon [_thread_blocked, id=1720, stack(0x0000000055e20000,0x0000000055f20000)]
=>0x0000000054be1800 JavaThread "C2 CompilerThread0" daemon [_thread_in_native, id=7828, stack(0x0000000055a60000,0x0000000055b60000)]
  0x0000000054be0000 JavaThread "Attach Listener" daemon [_thread_blocked, id=7896, stack(0x0000000055bd0000,0x0000000055cd0000)]
  0x0000000054bdd800 JavaThread "Signal Dispatcher" daemon [_thread_blocked, id=6092, stack(0x0000000055910000,0x0000000055a10000)]
  0x0000000054bc2000 JavaThread "Finalizer" daemon [_thread_blocked, id=6864, stack(0x00000000556a0000,0x00000000557a0000)]
  0x0000000054b78800 JavaThread "Reference Handler" daemon [_thread_blocked, id=8336, stack(0x0000000055530000,0x0000000055630000)]
  0x0000000001dd3000 JavaThread "Forwarding sendKeysToElement on session 94fecf017f2eedb88e9453c5502f2e92 to remote" [_thread_in_native, id=8444, stack(0x0000000002160000,0x0000000002260000)]

Other Threads:
  0x0000000054b70800 VMThread [stack: 0x00000000553c0000,0x00000000554c0000] [id=2568]
  0x0000000055f89800 WatcherThread [stack: 0x0000000056640000,0x0000000056740000] [id=7668]

VM state:not at safepoint (normal execution)

VM Mutex/Monitor currently owned by a thread: None

Heap:
 PSYoungGen      total 22528K, used 13672K [0x00000000eab00000, 0x00000000ec780000, 0x0000000100000000)
  eden space 15872K, 86% used [0x00000000eab00000,0x00000000eb85a080,0x00000000eba80000)
  from space 6656K, 0% used [0x00000000eba80000,0x00000000eba80000,0x00000000ec100000)
  to   space 6656K, 0% used [0x00000000ec100000,0x00000000ec100000,0x00000000ec780000)
 ParOldGen       total 32256K, used 12471K [0x00000000c0000000, 0x00000000c1f80000, 0x00000000eab00000)
  object space 32256K, 38% used [0x00000000c0000000,0x00000000c0c2dc88,0x00000000c1f80000)
 Metaspace       used 22071K, capacity 22290K, committed 22656K, reserved 1069056K
  class space    used 2807K, capacity 2899K, committed 2944K, reserved 1048576K

Card table byte_map: [0x00000000118f0000,0x0000000011b00000] byte_map_base: 0x00000000112f0000

Marking Bits: (ParMarkBitMap*) 0x000000006959b6d0
 Begin Bits: [0x0000000012040000, 0x0000000013040000)
 End Bits:   [0x0000000013040000, 0x0000000014040000)

Polling page: 0x0000000000320000

CodeCache: size=245760Kb used=6022Kb max_used=6022Kb free=239737Kb
 bounds [0x0000000002530000, 0x0000000002b20000, 0x0000000011530000]
 total_blobs=2270 nmethods=1840 adapters=342
 compilation: enabled

Compilation events (10 events):
Event: 27.650 Thread 0x0000000054bf8800 1849       3       com.google.gson.internal.LinkedTreeMap::find (276 bytes)
Event: 27.651 Thread 0x0000000054bf8800 nmethod 1849 0x0000000002b12850 code [0x0000000002b12b00, 0x0000000002b13f38]
Event: 27.651 Thread 0x0000000054bf8800 1852       3       com.google.gson.internal.$Gson$Preconditions::checkNotNull (14 bytes)
Event: 27.651 Thread 0x0000000054bf8800 nmethod 1852 0x0000000002b0de50 code [0x0000000002b0dfc0, 0x0000000002b0e1e8]
Event: 27.651 Thread 0x0000000054bf8800 1851       3       com.google.common.collect.ImmutableList::<init> (5 bytes)
Event: 27.651 Thread 0x0000000054bf8800 nmethod 1851 0x0000000002b147d0 code [0x0000000002b14940, 0x0000000002b14bb0]
Event: 27.651 Thread 0x0000000054bf8800 1853       1       java.lang.ThreadLocal::initialValue (2 bytes)
Event: 27.651 Thread 0x0000000054bf8800 nmethod 1853 0x0000000002b14cd0 code [0x0000000002b14e20, 0x0000000002b14f30]
Event: 27.652 Thread 0x0000000054bf8800 1854       3       org.apache.http.util.CharArrayBuffer::toString (17 bytes)
Event: 27.652 Thread 0x0000000054bf8800 nmethod 1854 0x0000000002b14f90 code [0x0000000002b15100, 0x0000000002b152e8]

GC Heap History (10 events):
Event: 9.291 GC heap before
{Heap before GC invocations=4 (full 0):
 PSYoungGen      total 18944K, used 18914K [0x00000000eab00000, 0x00000000ec000000, 0x0000000100000000)
  eden space 16384K, 100% used [0x00000000eab00000,0x00000000ebb00000,0x00000000ebb00000)
  from space 2560K, 98% used [0x00000000ebb00000,0x00000000ebd78b30,0x00000000ebd80000)
  to   space 2560K, 0% used [0x00000000ebd80000,0x00000000ebd80000,0x00000000ec000000)
 ParOldGen       total 44032K, used 4419K [0x00000000c0000000, 0x00000000c2b00000, 0x00000000eab00000)
  object space 44032K, 10% used [0x00000000c0000000,0x00000000c0450f78,0x00000000c2b00000)
 Metaspace       used 14321K, capacity 14432K, committed 14720K, reserved 1062912K
  class space    used 1766K, capacity 1810K, committed 1920K, reserved 1048576K
Event: 9.297 GC heap after
Heap after GC invocations=4 (full 0):
 PSYoungGen      total 18944K, used 2551K [0x00000000eab00000, 0x00000000ec000000, 0x0000000100000000)
  eden space 16384K, 0% used [0x00000000eab00000,0x00000000eab00000,0x00000000ebb00000)
  from space 2560K, 99% used [0x00000000ebd80000,0x00000000ebffdcb0,0x00000000ec000000)
  to   space 2560K, 0% used [0x00000000ebb00000,0x00000000ebb00000,0x00000000ebd80000)
 ParOldGen       total 44032K, used 6711K [0x00000000c0000000, 0x00000000c2b00000, 0x00000000eab00000)
  object space 44032K, 15% used [0x00000000c0000000,0x00000000c068de80,0x00000000c2b00000)
 Metaspace       used 14321K, capacity 14432K, committed 14720K, reserved 1062912K
  class space    used 1766K, capacity 1810K, committed 1920K, reserved 1048576K
}
Event: 11.414 GC heap before
{Heap before GC invocations=5 (full 0):
 PSYoungGen      total 18944K, used 18935K [0x00000000eab00000, 0x00000000ec000000, 0x0000000100000000)
  eden space 16384K, 100% used [0x00000000eab00000,0x00000000ebb00000,0x00000000ebb00000)
  from space 2560K, 99% used [0x00000000ebd80000,0x00000000ebffdcb0,0x00000000ec000000)
  to   space 2560K, 0% used [0x00000000ebb00000,0x00000000ebb00000,0x00000000ebd80000)
 ParOldGen       total 44032K, used 6711K [0x00000000c0000000, 0x00000000c2b00000, 0x00000000eab00000)
  object space 44032K, 15% used [0x00000000c0000000,0x00000000c068de80,0x00000000c2b00000)
 Metaspace       used 18074K, capacity 18294K, committed 18560K, reserved 1064960K
  class space    used 2233K, capacity 2307K, committed 2432K, reserved 1048576K
Event: 11.422 GC heap after
Heap after GC invocations=5 (full 0):
 PSYoungGen      total 18944K, used 2535K [0x00000000eab00000, 0x00000000ec700000, 0x0000000100000000)
  eden space 16384K, 0% used [0x00000000eab00000,0x00000000eab00000,0x00000000ebb00000)
  from space 2560K, 99% used [0x00000000ebb00000,0x00000000ebd79c70,0x00000000ebd80000)
  to   space 6144K, 0% used [0x00000000ec100000,0x00000000ec100000,0x00000000ec700000)
 ParOldGen       total 44032K, used 9228K [0x00000000c0000000, 0x00000000c2b00000, 0x00000000eab00000)
  object space 44032K, 20% used [0x00000000c0000000,0x00000000c0903038,0x00000000c2b00000)
 Metaspace       used 18074K, capacity 18294K, committed 18560K, reserved 1064960K
  class space    used 2233K, capacity 2307K, committed 2432K, reserved 1048576K
}
Event: 13.980 GC heap before
{Heap before GC invocations=6 (full 0):
 PSYoungGen      total 18944K, used 18919K [0x00000000eab00000, 0x00000000ec700000, 0x0000000100000000)
  eden space 16384K, 100% used [0x00000000eab00000,0x00000000ebb00000,0x00000000ebb00000)
  from space 2560K, 99% used [0x00000000ebb00000,0x00000000ebd79c70,0x00000000ebd80000)
  to   space 6144K, 0% used [0x00000000ec100000,0x00000000ec100000,0x00000000ec700000)
 ParOldGen       total 44032K, used 9228K [0x00000000c0000000, 0x00000000c2b00000, 0x00000000eab00000)
  object space 44032K, 20% used [0x00000000c0000000,0x00000000c0903038,0x00000000c2b00000)
 Metaspace       used 20013K, capacity 20270K, committed 20608K, reserved 1067008K
  class space    used 2509K, capacity 2637K, committed 2688K, reserved 1048576K
Event: 13.995 GC heap after
Heap after GC invocations=6 (full 0):
 PSYoungGen      total 22016K, used 5614K [0x00000000eab00000, 0x00000000ec800000, 0x0000000100000000)
  eden space 15872K, 0% used [0x00000000eab00000,0x00000000eab00000,0x00000000eba80000)
  from space 6144K, 91% used [0x00000000ec100000,0x00000000ec67b850,0x00000000ec700000)
  to   space 6656K, 0% used [0x00000000eba80000,0x00000000eba80000,0x00000000ec100000)
 ParOldGen       total 44032K, used 9228K [0x00000000c0000000, 0x00000000c2b00000, 0x00000000eab00000)
  object space 44032K, 20% used [0x00000000c0000000,0x00000000c0903038,0x00000000c2b00000)
 Metaspace       used 20013K, capacity 20270K, committed 20608K, reserved 1067008K
  class space    used 2509K, capacity 2637K, committed 2688K, reserved 1048576K
}
Event: 15.008 GC heap before
{Heap before GC invocations=7 (full 0):
 PSYoungGen      total 22016K, used 12175K [0x00000000eab00000, 0x00000000ec800000, 0x0000000100000000)
  eden space 15872K, 41% used [0x00000000eab00000,0x00000000eb168590,0x00000000eba80000)
  from space 6144K, 91% used [0x00000000ec100000,0x00000000ec67b850,0x00000000ec700000)
  to   space 6656K, 0% used [0x00000000eba80000,0x00000000eba80000,0x00000000ec100000)
 ParOldGen       total 44032K, used 9228K [0x00000000c0000000, 0x00000000c2b00000, 0x00000000eab00000)
  object space 44032K, 20% used [0x00000000c0000000,0x00000000c0903038,0x00000000c2b00000)
 Metaspace       used 20834K, capacity 21070K, committed 21248K, reserved 1067008K
  class space    used 2634K, capacity 2733K, committed 2816K, reserved 1048576K
Event: 15.016 GC heap after
Heap after GC invocations=7 (full 0):
 PSYoungGen      total 22528K, used 4622K [0x00000000eab00000, 0x00000000ec780000, 0x0000000100000000)
  eden space 15872K, 0% used [0x00000000eab00000,0x00000000eab00000,0x00000000eba80000)
  from space 6656K, 69% used [0x00000000eba80000,0x00000000ebf03968,0x00000000ec100000)
  to   space 6656K, 0% used [0x00000000ec100000,0x00000000ec100000,0x00000000ec780000)
 ParOldGen       total 44032K, used 9928K [0x00000000c0000000, 0x00000000c2b00000, 0x00000000eab00000)
  object space 44032K, 22% used [0x00000000c0000000,0x00000000c09b2388,0x00000000c2b00000)
 Metaspace       used 20834K, capacity 21070K, committed 21248K, reserved 1067008K
  class space    used 2634K, capacity 2733K, committed 2816K, reserved 1048576K
}
Event: 15.016 GC heap before
{Heap before GC invocations=8 (full 1):
 PSYoungGen      total 22528K, used 4622K [0x00000000eab00000, 0x00000000ec780000, 0x0000000100000000)
  eden space 15872K, 0% used [0x00000000eab00000,0x00000000eab00000,0x00000000eba80000)
  from space 6656K, 69% used [0x00000000eba80000,0x00000000ebf03968,0x00000000ec100000)
  to   space 6656K, 0% used [0x00000000ec100000,0x00000000ec100000,0x00000000ec780000)
 ParOldGen       total 44032K, used 9928K [0x00000000c0000000, 0x00000000c2b00000, 0x00000000eab00000)
  object space 44032K, 22% used [0x00000000c0000000,0x00000000c09b2388,0x00000000c2b00000)
 Metaspace       used 20834K, capacity 21070K, committed 21248K, reserved 1067008K
  class space    used 2634K, capacity 2733K, committed 2816K, reserved 1048576K
Event: 15.075 GC heap after
Heap after GC invocations=8 (full 1):
 PSYoungGen      total 22528K, used 0K [0x00000000eab00000, 0x00000000ec780000, 0x0000000100000000)
  eden space 15872K, 0% used [0x00000000eab00000,0x00000000eab00000,0x00000000eba80000)
  from space 6656K, 0% used [0x00000000eba80000,0x00000000eba80000,0x00000000ec100000)
  to   space 6656K, 0% used [0x00000000ec100000,0x00000000ec100000,0x00000000ec780000)
 ParOldGen       total 32256K, used 12471K [0x00000000c0000000, 0x00000000c1f80000, 0x00000000eab00000)
  object space 32256K, 38% used [0x00000000c0000000,0x00000000c0c2dc88,0x00000000c1f80000)
 Metaspace       used 20834K, capacity 21070K, committed 21248K, reserved 1067008K
  class space    used 2634K, capacity 2733K, committed 2816K, reserved 1048576K
}

Deoptimization events (10 events):
Event: 11.204 Thread 0x0000000001dd3000 Uncommon trap: reason=unstable_if action=reinterpret pc=0x00000000028e29f0 method=java.util.LinkedHashMap.get(Ljava/lang/Object;)Ljava/lang/Object; @ 20
Event: 11.208 Thread 0x0000000001dd3000 Uncommon trap: reason=unstable_if action=reinterpret pc=0x000000000286ca48 method=java.lang.String.regionMatches(ZILjava/lang/String;II)Z @ 123
Event: 11.297 Thread 0x0000000001dd3000 Uncommon trap: reason=bimorphic action=maybe_recompile pc=0x00000000028dcea0 method=java.net.URL.<init>(Ljava/net/URL;Ljava/lang/String;Ljava/net/URLStreamHandler;)V @ 504
Event: 11.299 Thread 0x0000000001dd3000 Uncommon trap: reason=unstable_if action=reinterpret pc=0x00000000029556dc method=java.lang.CharacterDataLatin1.digit(II)I @ 82
Event: 11.570 Thread 0x0000000001dd3000 Uncommon trap: reason=unstable_if action=reinterpret pc=0x000000000291309c method=java.util.concurrent.ConcurrentHashMap.putVal(Ljava/lang/Object;Ljava/lang/Object;Z)Ljava/lang/Object; @ 195
Event: 13.232 Thread 0x0000000001dd3000 Uncommon trap: reason=unstable_if action=reinterpret pc=0x00000000026c6c14 method=java.lang.String.replace(CC)Ljava/lang/String; @ 2
Event: 13.243 Thread 0x0000000001dd3000 Uncommon trap: reason=bimorphic action=maybe_recompile pc=0x00000000028dcea0 method=java.net.URL.<init>(Ljava/net/URL;Ljava/lang/String;Ljava/net/URLStreamHandler;)V @ 504
Event: 13.344 Thread 0x00000000577e1000 Uncommon trap: reason=unstable_if action=reinterpret pc=0x000000000294c744 method=java.lang.CharacterDataLatin1.digit(II)I @ 82
Event: 15.100 Thread 0x0000000001dd3000 Uncommon trap: reason=unstable_if action=reinterpret pc=0x0000000002966458 method=java.util.regex.Pattern$BmpCharProperty.match(Ljava/util/regex/Matcher;ILjava/lang/CharSequence;)Z @ 34
Event: 15.589 Thread 0x0000000001dd3000 Uncommon trap: reason=unstable_if action=reinterpret pc=0x0000000002a6d76c method=java.util.concurrent.ConcurrentHashMap.putVal(Ljava/lang/Object;Ljava/lang/Object;Z)Ljava/lang/Object; @ 206

Internal exceptions (10 events):
Event: 26.989 Thread 0x0000000001dd3000 Exception <a 'java/net/SocketTimeoutException': Read timed out> (0x00000000eb5d4ee0) thrown at [C:\re\workspace\8-2-build-windows-amd64-cygwin\jdk8u121\8372\hotspot\src\share\vm\prims\jni.cpp, line 735]
Event: 27.126 Thread 0x0000000001dd3000 Exception <a 'java/net/SocketTimeoutException': Read timed out> (0x00000000eb617220) thrown at [C:\re\workspace\8-2-build-windows-amd64-cygwin\jdk8u121\8372\hotspot\src\share\vm\prims\jni.cpp, line 735]
Event: 27.156 Thread 0x0000000001dd3000 Exception <a 'java/net/SocketTimeoutException': Read timed out> (0x00000000eb65c148) thrown at [C:\re\workspace\8-2-build-windows-amd64-cygwin\jdk8u121\8372\hotspot\src\share\vm\prims\jni.cpp, line 735]
Event: 27.331 Thread 0x0000000001dd3000 Exception <a 'java/net/SocketTimeoutException': Read timed out> (0x00000000eb69e428) thrown at [C:\re\workspace\8-2-build-windows-amd64-cygwin\jdk8u121\8372\hotspot\src\share\vm\prims\jni.cpp, line 735]
Event: 27.357 Thread 0x0000000001dd3000 Exception <a 'java/net/SocketTimeoutException': Read timed out> (0x00000000eb6e31d8) thrown at [C:\re\workspace\8-2-build-windows-amd64-cygwin\jdk8u121\8372\hotspot\src\share\vm\prims\jni.cpp, line 735]
Event: 27.471 Thread 0x0000000001dd3000 Exception <a 'java/net/SocketTimeoutException': Read timed out> (0x00000000eb7255b0) thrown at [C:\re\workspace\8-2-build-windows-amd64-cygwin\jdk8u121\8372\hotspot\src\share\vm\prims\jni.cpp, line 735]
Event: 27.490 Thread 0x0000000001dd3000 Exception <a 'java/net/SocketTimeoutException': Read timed out> (0x00000000eb765760) thrown at [C:\re\workspace\8-2-build-windows-amd64-cygwin\jdk8u121\8372\hotspot\src\share\vm\prims\jni.cpp, line 735]
Event: 27.516 Thread 0x0000000001dd3000 Exception <a 'java/net/SocketTimeoutException': Read timed out> (0x00000000eb7aa570) thrown at [C:\re\workspace\8-2-build-windows-amd64-cygwin\jdk8u121\8372\hotspot\src\share\vm\prims\jni.cpp, line 735]
Event: 27.622 Thread 0x0000000001dd3000 Exception <a 'java/net/SocketTimeoutException': Read timed out> (0x00000000eb7ecd48) thrown at [C:\re\workspace\8-2-build-windows-amd64-cygwin\jdk8u121\8372\hotspot\src\share\vm\prims\jni.cpp, line 735]
Event: 27.651 Thread 0x0000000001dd3000 Exception <a 'java/net/SocketTimeoutException': Read timed out> (0x00000000eb831c68) thrown at [C:\re\workspace\8-2-build-windows-amd64-cygwin\jdk8u121\8372\hotspot\src\share\vm\prims\jni.cpp, line 735]

Events (10 events):
Event: 25.445 loading class org/openqa/selenium/internal/HasIdentity
Event: 25.445 loading class org/openqa/selenium/internal/HasIdentity done
Event: 25.450 loading class org/openqa/selenium/interactions/internal/Coordinates
Event: 25.450 loading class org/openqa/selenium/interactions/internal/Coordinates done
Event: 27.153 Thread 0x0000000001dd3000 DEOPT PACKING pc=0x0000000002a8b501 sp=0x000000000225d080
Event: 27.153 Thread 0x0000000001dd3000 DEOPT UNPACKING pc=0x000000000257787f sp=0x000000000225ce70 mode 0
Event: 27.525 Executing VM operation: RevokeBias
Event: 27.525 Executing VM operation: RevokeBias done
Event: 27.525 Thread 0x0000000001dd3000 DEOPT PACKING pc=0x0000000002a8f988 sp=0x000000000225d060
Event: 27.525 Thread 0x0000000001dd3000 DEOPT UNPACKING pc=0x000000000257787f sp=0x000000000225cd98 mode 0


Dynamic libraries:
0x000000013fca0000 - 0x000000013fcd7000 	C:\Program Files\Java\jdk1.8.0_121\bin\javaw.exe
0x0000000077910000 - 0x0000000077aaf000 	C:\Windows\SYSTEM32\ntdll.dll
0x00000000777f0000 - 0x000000007790f000 	C:\Windows\system32\kernel32.dll
0x000007fefd900000 - 0x000007fefd96a000 	C:\Windows\system32\KERNELBASE.dll
0x000007fefe730000 - 0x000007fefe80b000 	C:\Windows\system32\ADVAPI32.dll
0x000007feffb10000 - 0x000007feffbaf000 	C:\Windows\system32\msvcrt.dll
0x000007fefd9a0000 - 0x000007fefd9bf000 	C:\Windows\SYSTEM32\sechost.dll
0x000007feff740000 - 0x000007feff86d000 	C:\Windows\system32\RPCRT4.dll
0x00000000776f0000 - 0x00000000777ea000 	C:\Windows\system32\USER32.dll
0x000007fefe930000 - 0x000007fefe997000 	C:\Windows\system32\GDI32.dll
0x000007feff730000 - 0x000007feff73e000 	C:\Windows\system32\LPK.dll
0x000007fefdde0000 - 0x000007fefdeab000 	C:\Windows\system32\USP10.dll
0x000007fefbfa0000 - 0x000007fefc194000 	C:\Windows\WinSxS\amd64_microsoft.windows.common-controls_6595b64144ccf1df_6.0.7601.18837_none_fa3b1e3d17594757\COMCTL32.dll
0x000007fefe8b0000 - 0x000007fefe921000 	C:\Windows\system32\SHLWAPI.dll
0x000007fefe430000 - 0x000007fefe45e000 	C:\Windows\system32\IMM32.DLL
0x000007fefdeb0000 - 0x000007fefdfb9000 	C:\Windows\system32\MSCTF.dll
0x000007fefd520000 - 0x000007fefd545000 	C:\Windows\system32\vmwsci.dll
0x0000000077ac0000 - 0x0000000077ac7000 	C:\Windows\system32\PSAPI.DLL
0x000000006ad50000 - 0x000000006ae22000 	C:\Program Files\Java\jdk1.8.0_121\jre\bin\msvcr100.dll
0x0000000068d80000 - 0x000000006961b000 	C:\Program Files\Java\jdk1.8.0_121\jre\bin\server\jvm.dll
0x000007fef8f90000 - 0x000007fef8f99000 	C:\Windows\system32\WSOCK32.dll
0x000007feffbb0000 - 0x000007feffbfd000 	C:\Windows\system32\WS2_32.dll
0x000007fefdb50000 - 0x000007fefdb58000 	C:\Windows\system32\NSI.dll
0x000007fefadd0000 - 0x000007fefae0b000 	C:\Windows\system32\WINMM.dll
0x000007fefc860000 - 0x000007fefc86c000 	C:\Windows\system32\VERSION.dll
0x000000006ad40000 - 0x000000006ad4f000 	C:\Program Files\Java\jdk1.8.0_121\jre\bin\verify.dll
0x000000006ad10000 - 0x000000006ad39000 	C:\Program Files\Java\jdk1.8.0_121\jre\bin\java.dll
0x000000006acf0000 - 0x000000006ad06000 	C:\Program Files\Java\jdk1.8.0_121\jre\bin\zip.dll
0x000007fefe9a0000 - 0x000007feff72a000 	C:\Windows\system32\SHELL32.dll
0x000007feff910000 - 0x000007feffb0c000 	C:\Windows\system32\ole32.dll
0x000007fefd5e0000 - 0x000007fefd5ef000 	C:\Windows\system32\profapi.dll
0x000000006acd0000 - 0x000000006acea000 	C:\Program Files\Java\jdk1.8.0_121\jre\bin\net.dll
0x000007fefcd40000 - 0x000007fefcd95000 	C:\Windows\system32\mswsock.dll
0x000007fefcd30000 - 0x000007fefcd37000 	C:\Windows\System32\wship6.dll
0x000007fefc470000 - 0x000007fefc477000 	C:\Windows\System32\wshtcpip.dll
0x000007fefcbc0000 - 0x000007fefcc1b000 	C:\Windows\system32\DNSAPI.dll
0x000007fefb360000 - 0x000007fefb387000 	C:\Windows\system32\IPHLPAPI.DLL
0x000007fefb350000 - 0x000007fefb35b000 	C:\Windows\system32\WINNSI.DLL
0x000007fef9530000 - 0x000007fef9538000 	C:\Windows\system32\rasadhlp.dll
0x000007fef9df0000 - 0x000007fef9e43000 	C:\Windows\System32\fwpuclnt.dll
0x000007fefcda0000 - 0x000007fefcdb8000 	C:\Windows\system32\CRYPTSP.dll
0x000007fefcaa0000 - 0x000007fefcae7000 	C:\Windows\system32\rsaenh.dll
0x000007fefd820000 - 0x000007fefd83e000 	C:\Windows\system32\USERENV.dll
0x000007fefd410000 - 0x000007fefd41f000 	C:\Windows\system32\CRYPTBASE.dll
0x000007fefa8c0000 - 0x000007fefa8d1000 	C:\Windows\system32\dhcpcsvc6.DLL
0x000007fefa8a0000 - 0x000007fefa8b8000 	C:\Windows\system32\dhcpcsvc.DLL
0x000000006acb0000 - 0x000000006acc1000 	C:\Program Files\Java\jdk1.8.0_121\jre\bin\nio.dll
0x000007fefb160000 - 0x000007fefb175000 	C:\Windows\system32\NLAapi.dll
0x000007fef95e0000 - 0x000007fef95f5000 	C:\Windows\system32\napinsp.dll
0x000007fef9580000 - 0x000007fef9599000 	C:\Windows\system32\pnrpnsp.dll
0x000007fef9570000 - 0x000007fef957b000 	C:\Windows\System32\winrnr.dll
0x000000006ac80000 - 0x000000006aca4000 	C:\Program Files\Java\jdk1.8.0_121\jre\bin\sunec.dll
0x000007fefd3b0000 - 0x000007fefd407000 	C:\Windows\system32\apphelp.dll

VM Arguments:
jvm_args: -ea -Dfile.encoding=Cp1252 
java_command: org.testng.remote.RemoteTestNG -serport 54401 -protocol json -d C:\Users\PWAXG01\workspace\DataDrivenFrameworkone\test-output C:\Users\PWAXG01\AppData\Local\Temp\testng-eclipse--1317394071\testng-customsuite.xml
java_class_path (initial): C:\Program Files\eclipse\configuration\org.eclipse.osgi\489\0\.cp\lib\testng-remote.jar;C:\Users\PWAXG01\workspace\DataDrivenFrameworkone\target\test-classes;C:\Users\PWAXG01\workspace\DataDrivenFrameworkone\target\classes;C:\Users\PWAXG01\.m2\repository\org\seleniumhq\selenium\selenium-java\2.53.1\selenium-java-2.53.1.jar;C:\Users\PWAXG01\.m2\repository\org\seleniumhq\selenium\selenium-chrome-driver\2.53.1\selenium-chrome-driver-2.53.1.jar;C:\Users\PWAXG01\.m2\repository\org\seleniumhq\selenium\selenium-remote-driver\2.53.1\selenium-remote-driver-2.53.1.jar;C:\Users\PWAXG01\.m2\repository\cglib\cglib-nodep\2.1_3\cglib-nodep-2.1_3.jar;C:\Users\PWAXG01\.m2\repository\com\google\code\gson\gson\2.3.1\gson-2.3.1.jar;C:\Users\PWAXG01\.m2\repository\org\seleniumhq\selenium\selenium-api\2.53.1\selenium-api-2.53.1.jar;C:\Users\PWAXG01\.m2\repository\org\apache\httpcomponents\httpclient\4.5.1\httpclient-4.5.1.jar;C:\Users\PWAXG01\.m2\repository\org\apache\httpcomponents\httpcore\4.4.3\httpcore-4.4.3.jar;C:\Users\PWAXG01\.m2\repository\org\seleniumhq\selenium\selenium-edge-driver\2.53.1\selenium-edge-driver-2.53.1.jar;C:\Users\PWAXG01\.m2\repository\commons-io\commons-io\2.4\commons-io-2.4.jar;C:\Users\PWAXG01\.m2\repository\org\apache\commons\commons-exec\1.3\commons-exec-1.3.jar;C:\Users\PWAXG01\.m2\repository\org\seleniumhq\selenium\htmlunit-driver\2.21\htmlunit-driver-2.21.jar;C:\Users\PWAXG01\.m2\repository\net\sourceforge\htmlunit\htmlunit\2.21\htmlunit-2.21.jar;C:\Users\PWAXG01\.m2\repository\xalan\xalan\2.7.2\xalan-2.7.2.jar;C:\Users\PWAXG01\.m2\repository\xalan\serializer\2.7.2\serializer-2.7.2.jar;C:\Users\PWAXG01\.m2\repository\org\apache\commons\commons-lang3\3.4\commons-lang3-3.4.jar;C:\Users\PWAXG01\.m2\repository\org\apache\httpcomponents\httpmime\4.5.2\httpmime-4.5.2.jar;C:\Users\PWAXG01\.m2\repository\commons-codec\commons-codec\1.10\commons-codec-1.10.jar;C:\Users\PWAXG01\.m2\repository\net\sourceforge\htmlunit\htmlunit-core-js\2
Launcher Type: SUN_STANDARD

Environment Variables:
JAVA_HOME=C:\Program Files\Java\jdk1.8.0_121
PATH=C:/Program Files/Java/jre1.8.0_121/bin/server;C:/Program Files/Java/jre1.8.0_121/bin;C:/Program Files/Java/jre1.8.0_121/lib/amd64;C:\ProgramData\Oracle\Java\javapath;C:\Windows\system32;C:\Windows;C:\Windows\System32\Wbem;C:\Windows\System32\WindowsPowerShell\v1.0\;C:\Windows\System32\WindowsPowerShell\v1.0\;C:\Windows\System32\WindowsPowerShell\v1.0\;C:\Program Files\Common Files\ThinPrint\;C:\Oracle\product\11.2.0\client_1\bin;C:\Oracle\Oracle_12c_client\product\12.1.0\client_2\bin;C:\oracle\product\11.2.0\client_1\bin;C:\Program Files\Java\jdk1.8.0_121\bin;C:\Program Files\Microsoft SQL Server\110\Tools\Binn\;C:\Program Files (x86)\Microsoft SDKs\TypeScript\1.0\;C:\Program Files\eclipse;
USERNAME=PWAXG01
OS=Windows_NT
PROCESSOR_IDENTIFIER=Intel64 Family 6 Model 58 Stepping 0, GenuineIntel



---------------  S Y S T E M  ---------------

OS: Windows 7 , 64 bit Build 7601 (6.1.7601.24150)

CPU:total 2 (1 cores per cpu, 1 threads per core) family 6 model 58 stepping 0, cmov, cx8, fxsr, mmx, sse, sse2, sse3, ssse3, sse4.1, sse4.2, popcnt, avx, aes, clmul, erms, tsc, tscinvbit, tscinv

Memory: 4k page, physical 4193848k(160572k free), swap 4254576k(5740k free)

vm_info: Java HotSpot(TM) 64-Bit Server VM (25.121-b13) for windows-amd64 JRE (1.8.0_121-b13), built on Dec 12 2016 18:21:36 by "java_re" with MS VC++ 10.0 (VS2010)

time: Tue Jul 17 16:45:09 2018
elapsed time: 27 seconds (0d 0h 0m 27s)

