#
# There is insufficient memory for the Java Runtime Environment to continue.
# Native memory allocation (malloc) failed to allocate 690736 bytes for Chunk::new
# Possible reasons:
#   The system is out of physical RAM or swap space
#   In 32 bit mode, the process size limit was hit
# Possible solutions:
#   Reduce memory load on the system
#   Increase physical memory or swap space
#   Check if swap backing store is full
#   Use 64 bit Java on a 64 bit OS
#   Decrease Java heap size (-Xmx/-Xms)
#   Decrease number of Java threads
#   Decrease Java thread stack sizes (-Xss)
#   Set larger code cache with -XX:ReservedCodeCacheSize=
# This output file may be truncated or incomplete.
#
#  Out of Memory Error (allocation.cpp:390), pid=9664, tid=0x00000000000025fc
#
# JRE version: Java(TM) SE Runtime Environment (8.0_121-b13) (build 1.8.0_121-b13)
# Java VM: Java HotSpot(TM) 64-Bit Server VM (25.121-b13 mixed mode windows-amd64 compressed oops)
# Failed to write core dump. Minidumps are not enabled by default on client versions of Windows
#

---------------  T H R E A D  ---------------

Current thread (0x0000000054c51800):  JavaThread "C2 CompilerThread0" daemon [_thread_in_native, id=9724, stack(0x0000000055e40000,0x0000000055f40000)]

Stack: [0x0000000055e40000,0x0000000055f40000]
[error occurred during error reporting (printing stack bounds), id 0xc0000005]

Native frames: (J=compiled Java code, j=interpreted, Vv=VM code, C=native code)


Current CompileTask:
C2:  24777 1857   !   4       org.apache.log4j.spi.LocationInfo::<init> (555 bytes)


---------------  P R O C E S S  ---------------

Java Threads: ( => current thread )
  0x00000000568e2800 JavaThread "UrlChecker-2" daemon [_thread_blocked, id=9820, stack(0x0000000059330000,0x0000000059430000)]
  0x000000005630b000 JavaThread "Exec Stream Pumper" daemon [_thread_in_native, id=9804, stack(0x0000000059230000,0x0000000059330000)]
  0x000000005630a000 JavaThread "Exec Stream Pumper" daemon [_thread_in_native, id=9800, stack(0x0000000059060000,0x0000000059160000)]
  0x0000000056308000 JavaThread "Exec Default Executor" daemon [_thread_in_native, id=9788, stack(0x0000000058f60000,0x0000000059060000)]
  0x0000000056904800 JavaThread "ReaderThread" [_thread_in_native, id=9756, stack(0x00000000572f0000,0x00000000573f0000)]
  0x0000000056100800 JavaThread "Service Thread" daemon [_thread_blocked, id=9732, stack(0x0000000056520000,0x0000000056620000)]
  0x0000000054c55000 JavaThread "C1 CompilerThread1" daemon [_thread_blocked, id=9728, stack(0x0000000055ff0000,0x00000000560f0000)]
=>0x0000000054c51800 JavaThread "C2 CompilerThread0" daemon [_thread_in_native, id=9724, stack(0x0000000055e40000,0x0000000055f40000)]
  0x0000000054c50000 JavaThread "Attach Listener" daemon [_thread_blocked, id=9720, stack(0x0000000055cc0000,0x0000000055dc0000)]
  0x0000000054c4d800 JavaThread "Signal Dispatcher" daemon [_thread_blocked, id=9716, stack(0x0000000055820000,0x0000000055920000)]
  0x0000000054c32000 JavaThread "Finalizer" daemon [_thread_blocked, id=9712, stack(0x0000000055bb0000,0x0000000055cb0000)]
  0x0000000054be8800 JavaThread "Reference Handler" daemon [_thread_blocked, id=9708, stack(0x0000000055920000,0x0000000055a20000)]
  0x0000000002023000 JavaThread "Forwarding sendKeysToElement on session 9a0d9eed23f0b34aa041dab04b9e7b55 to remote" [_thread_in_native, id=9692, stack(0x00000000024c0000,0x00000000025c0000)]

Other Threads:
  0x0000000054be0800 VMThread [stack: 0x00000000556e0000,0x00000000557e0000] [id=9704]
  0x0000000056151800 WatcherThread [stack: 0x0000000055a70000,0x0000000055b70000] [id=9740]

VM state:not at safepoint (normal execution)

VM Mutex/Monitor currently owned by a thread: None

Heap:
 PSYoungGen      total 22528K, used 13256K [0x00000000eab00000, 0x00000000ec780000, 0x0000000100000000)
  eden space 15872K, 83% used [0x00000000eab00000,0x00000000eb7f2108,0x00000000eba80000)
  from space 6656K, 0% used [0x00000000eba80000,0x00000000eba80000,0x00000000ec100000)
  to   space 6656K, 0% used [0x00000000ec100000,0x00000000ec100000,0x00000000ec780000)
 ParOldGen       total 41472K, used 12466K [0x00000000c0000000, 0x00000000c2880000, 0x00000000eab00000)
  object space 41472K, 30% used [0x00000000c0000000,0x00000000c0c2c970,0x00000000c2880000)
 Metaspace       used 22078K, capacity 22348K, committed 22656K, reserved 1069056K
  class space    used 2810K, capacity 2898K, committed 2944K, reserved 1048576K

Card table byte_map: [0x0000000011c50000,0x0000000011e60000] byte_map_base: 0x0000000011650000

Marking Bits: (ParMarkBitMap*) 0x000000006959b6d0
 Begin Bits: [0x00000000120b0000, 0x00000000130b0000)
 End Bits:   [0x00000000130b0000, 0x00000000140b0000)

Polling page: 0x0000000000210000

CodeCache: size=245760Kb used=6063Kb max_used=6063Kb free=239696Kb
 bounds [0x0000000002890000, 0x0000000002e80000, 0x0000000011890000]
 total_blobs=2274 nmethods=1844 adapters=342
 compilation: enabled

Compilation events (10 events):
Event: 24.687 Thread 0x0000000054c55000 1853       3       org.apache.http.message.BasicListHeaderIterator::filterHeader (37 bytes)
Event: 24.687 Thread 0x0000000054c51800 nmethod 1851 0x0000000002e13050 code [0x0000000002e13180, 0x0000000002e131d8]
Event: 24.688 Thread 0x0000000054c55000 nmethod 1853 0x0000000002e7c1d0 code [0x0000000002e7c360, 0x0000000002e7c848]
Event: 24.688 Thread 0x0000000054c55000 1854       3       org.apache.http.message.BasicLineFormatter::formatHeader (41 bytes)
Event: 24.688 Thread 0x0000000054c55000 nmethod 1854 0x0000000002e7cc90 code [0x0000000002e7cee0, 0x0000000002e7de38]
Event: 24.688 Thread 0x0000000054c55000 1855       3       org.apache.http.message.BasicLineFormatter::doFormatHeader (67 bytes)
Event: 24.689 Thread 0x0000000054c55000 nmethod 1855 0x0000000002e7ed10 code [0x0000000002e7eee0, 0x0000000002e7f7d8]
Event: 24.689 Thread 0x0000000054c55000 1856       3       java.lang.StringBuilder::setLength (6 bytes)
Event: 24.689 Thread 0x0000000054c55000 nmethod 1856 0x0000000002e7be50 code [0x0000000002e7bfc0, 0x0000000002e7c148]
Event: 24.689 Thread 0x0000000054c51800 1857   !   4       org.apache.log4j.spi.LocationInfo::<init> (555 bytes)

GC Heap History (10 events):
Event: 8.369 GC heap before
{Heap before GC invocations=4 (full 0):
 PSYoungGen      total 18944K, used 18930K [0x00000000eab00000, 0x00000000ec000000, 0x0000000100000000)
  eden space 16384K, 100% used [0x00000000eab00000,0x00000000ebb00000,0x00000000ebb00000)
  from space 2560K, 99% used [0x00000000ebb00000,0x00000000ebd7cb40,0x00000000ebd80000)
  to   space 2560K, 0% used [0x00000000ebd80000,0x00000000ebd80000,0x00000000ec000000)
 ParOldGen       total 44032K, used 4410K [0x00000000c0000000, 0x00000000c2b00000, 0x00000000eab00000)
  object space 44032K, 10% used [0x00000000c0000000,0x00000000c044e928,0x00000000c2b00000)
 Metaspace       used 14338K, capacity 14432K, committed 14720K, reserved 1062912K
  class space    used 1767K, capacity 1810K, committed 1920K, reserved 1048576K
Event: 8.377 GC heap after
Heap after GC invocations=4 (full 0):
 PSYoungGen      total 18944K, used 2535K [0x00000000eab00000, 0x00000000ec000000, 0x0000000100000000)
  eden space 16384K, 0% used [0x00000000eab00000,0x00000000eab00000,0x00000000ebb00000)
  from space 2560K, 99% used [0x00000000ebd80000,0x00000000ebff9ca0,0x00000000ec000000)
  to   space 2560K, 0% used [0x00000000ebb00000,0x00000000ebb00000,0x00000000ebd80000)
 ParOldGen       total 44032K, used 6749K [0x00000000c0000000, 0x00000000c2b00000, 0x00000000eab00000)
  object space 44032K, 15% used [0x00000000c0000000,0x00000000c0697720,0x00000000c2b00000)
 Metaspace       used 14338K, capacity 14432K, committed 14720K, reserved 1062912K
  class space    used 1767K, capacity 1810K, committed 1920K, reserved 1048576K
}
Event: 10.424 GC heap before
{Heap before GC invocations=5 (full 0):
 PSYoungGen      total 18944K, used 18919K [0x00000000eab00000, 0x00000000ec000000, 0x0000000100000000)
  eden space 16384K, 100% used [0x00000000eab00000,0x00000000ebb00000,0x00000000ebb00000)
  from space 2560K, 99% used [0x00000000ebd80000,0x00000000ebff9ca0,0x00000000ec000000)
  to   space 2560K, 0% used [0x00000000ebb00000,0x00000000ebb00000,0x00000000ebd80000)
 ParOldGen       total 44032K, used 6749K [0x00000000c0000000, 0x00000000c2b00000, 0x00000000eab00000)
  object space 44032K, 15% used [0x00000000c0000000,0x00000000c0697720,0x00000000c2b00000)
 Metaspace       used 18114K, capacity 18288K, committed 18560K, reserved 1064960K
  class space    used 2238K, capacity 2306K, committed 2432K, reserved 1048576K
Event: 10.432 GC heap after
Heap after GC invocations=5 (full 0):
 PSYoungGen      total 18944K, used 2551K [0x00000000eab00000, 0x00000000ec700000, 0x0000000100000000)
  eden space 16384K, 0% used [0x00000000eab00000,0x00000000eab00000,0x00000000ebb00000)
  from space 2560K, 99% used [0x00000000ebb00000,0x00000000ebd7dc80,0x00000000ebd80000)
  to   space 6144K, 0% used [0x00000000ec100000,0x00000000ec100000,0x00000000ec700000)
 ParOldGen       total 44032K, used 9218K [0x00000000c0000000, 0x00000000c2b00000, 0x00000000eab00000)
  object space 44032K, 20% used [0x00000000c0000000,0x00000000c0900a38,0x00000000c2b00000)
 Metaspace       used 18114K, capacity 18288K, committed 18560K, reserved 1064960K
  class space    used 2238K, capacity 2306K, committed 2432K, reserved 1048576K
}
Event: 12.356 GC heap before
{Heap before GC invocations=6 (full 0):
 PSYoungGen      total 18944K, used 18935K [0x00000000eab00000, 0x00000000ec700000, 0x0000000100000000)
  eden space 16384K, 100% used [0x00000000eab00000,0x00000000ebb00000,0x00000000ebb00000)
  from space 2560K, 99% used [0x00000000ebb00000,0x00000000ebd7dc80,0x00000000ebd80000)
  to   space 6144K, 0% used [0x00000000ec100000,0x00000000ec100000,0x00000000ec700000)
 ParOldGen       total 44032K, used 9218K [0x00000000c0000000, 0x00000000c2b00000, 0x00000000eab00000)
  object space 44032K, 20% used [0x00000000c0000000,0x00000000c0900a38,0x00000000c2b00000)
 Metaspace       used 20029K, capacity 20264K, committed 20608K, reserved 1067008K
  class space    used 2512K, capacity 2636K, committed 2688K, reserved 1048576K
Event: 12.367 GC heap after
Heap after GC invocations=6 (full 0):
 PSYoungGen      total 22016K, used 5616K [0x00000000eab00000, 0x00000000ec800000, 0x0000000100000000)
  eden space 15872K, 0% used [0x00000000eab00000,0x00000000eab00000,0x00000000eba80000)
  from space 6144K, 91% used [0x00000000ec100000,0x00000000ec67c220,0x00000000ec700000)
  to   space 6656K, 0% used [0x00000000eba80000,0x00000000eba80000,0x00000000ec100000)
 ParOldGen       total 44032K, used 9218K [0x00000000c0000000, 0x00000000c2b00000, 0x00000000eab00000)
  object space 44032K, 20% used [0x00000000c0000000,0x00000000c0900a38,0x00000000c2b00000)
 Metaspace       used 20029K, capacity 20264K, committed 20608K, reserved 1067008K
  class space    used 2512K, capacity 2636K, committed 2688K, reserved 1048576K
}
Event: 13.473 GC heap before
{Heap before GC invocations=7 (full 0):
 PSYoungGen      total 22016K, used 11858K [0x00000000eab00000, 0x00000000ec800000, 0x0000000100000000)
  eden space 15872K, 39% used [0x00000000eab00000,0x00000000eb1187f0,0x00000000eba80000)
  from space 6144K, 91% used [0x00000000ec100000,0x00000000ec67c220,0x00000000ec700000)
  to   space 6656K, 0% used [0x00000000eba80000,0x00000000eba80000,0x00000000ec100000)
 ParOldGen       total 44032K, used 9218K [0x00000000c0000000, 0x00000000c2b00000, 0x00000000eab00000)
  object space 44032K, 20% used [0x00000000c0000000,0x00000000c0900a38,0x00000000c2b00000)
 Metaspace       used 20839K, capacity 21064K, committed 21248K, reserved 1067008K
  class space    used 2633K, capacity 2732K, committed 2816K, reserved 1048576K
Event: 13.482 GC heap after
Heap after GC invocations=7 (full 0):
 PSYoungGen      total 22528K, used 4718K [0x00000000eab00000, 0x00000000ec780000, 0x0000000100000000)
  eden space 15872K, 0% used [0x00000000eab00000,0x00000000eab00000,0x00000000eba80000)
  from space 6656K, 70% used [0x00000000eba80000,0x00000000ebf1b918,0x00000000ec100000)
  to   space 6656K, 0% used [0x00000000ec100000,0x00000000ec100000,0x00000000ec780000)
 ParOldGen       total 44032K, used 9855K [0x00000000c0000000, 0x00000000c2b00000, 0x00000000eab00000)
  object space 44032K, 22% used [0x00000000c0000000,0x00000000c099fd48,0x00000000c2b00000)
 Metaspace       used 20839K, capacity 21064K, committed 21248K, reserved 1067008K
  class space    used 2633K, capacity 2732K, committed 2816K, reserved 1048576K
}
Event: 13.482 GC heap before
{Heap before GC invocations=8 (full 1):
 PSYoungGen      total 22528K, used 4718K [0x00000000eab00000, 0x00000000ec780000, 0x0000000100000000)
  eden space 15872K, 0% used [0x00000000eab00000,0x00000000eab00000,0x00000000eba80000)
  from space 6656K, 70% used [0x00000000eba80000,0x00000000ebf1b918,0x00000000ec100000)
  to   space 6656K, 0% used [0x00000000ec100000,0x00000000ec100000,0x00000000ec780000)
 ParOldGen       total 44032K, used 9855K [0x00000000c0000000, 0x00000000c2b00000, 0x00000000eab00000)
  object space 44032K, 22% used [0x00000000c0000000,0x00000000c099fd48,0x00000000c2b00000)
 Metaspace       used 20839K, capacity 21064K, committed 21248K, reserved 1067008K
  class space    used 2633K, capacity 2732K, committed 2816K, reserved 1048576K
Event: 13.565 GC heap after
Heap after GC invocations=8 (full 1):
 PSYoungGen      total 22528K, used 0K [0x00000000eab00000, 0x00000000ec780000, 0x0000000100000000)
  eden space 15872K, 0% used [0x00000000eab00000,0x00000000eab00000,0x00000000eba80000)
  from space 6656K, 0% used [0x00000000eba80000,0x00000000eba80000,0x00000000ec100000)
  to   space 6656K, 0% used [0x00000000ec100000,0x00000000ec100000,0x00000000ec780000)
 ParOldGen       total 41472K, used 12466K [0x00000000c0000000, 0x00000000c2880000, 0x00000000eab00000)
  object space 41472K, 30% used [0x00000000c0000000,0x00000000c0c2c970,0x00000000c2880000)
 Metaspace       used 20839K, capacity 21064K, committed 21248K, reserved 1067008K
  class space    used 2633K, capacity 2732K, committed 2816K, reserved 1048576K
}

Deoptimization events (10 events):
Event: 10.666 Thread 0x0000000002023000 Uncommon trap: reason=unstable_if action=reinterpret pc=0x0000000002c6fe18 method=java.util.concurrent.ConcurrentHashMap.putVal(Ljava/lang/Object;Ljava/lang/Object;Z)Ljava/lang/Object; @ 195
Event: 12.098 Thread 0x0000000002023000 Uncommon trap: reason=unstable_if action=reinterpret pc=0x0000000002a240d4 method=java.lang.String.replace(CC)Ljava/lang/String; @ 2
Event: 12.116 Thread 0x0000000002023000 Uncommon trap: reason=bimorphic action=maybe_recompile pc=0x0000000002c1f360 method=java.net.URL.<init>(Ljava/net/URL;Ljava/lang/String;Ljava/net/URLStreamHandler;)V @ 504
Event: 12.216 Thread 0x00000000568e2800 Uncommon trap: reason=unstable_if action=reinterpret pc=0x0000000002ca5604 method=java.lang.CharacterDataLatin1.digit(II)I @ 82
Event: 13.603 Thread 0x0000000002023000 Uncommon trap: reason=unstable_if action=reinterpret pc=0x0000000002cb2f0c method=java.util.regex.Pattern$BmpCharProperty.match(Ljava/util/regex/Matcher;ILjava/lang/CharSequence;)Z @ 34
Event: 14.271 Thread 0x0000000002023000 Uncommon trap: reason=unstable_if action=reinterpret pc=0x0000000002dc34ac method=java.util.concurrent.ConcurrentHashMap.putVal(Ljava/lang/Object;Ljava/lang/Object;Z)Ljava/lang/Object; @ 206
Event: 18.426 Thread 0x0000000002023000 Uncommon trap: reason=class_check action=maybe_recompile pc=0x0000000002cd1de4 method=java.util.regex.Pattern$Curly.match(Ljava/util/regex/Matcher;ILjava/lang/CharSequence;)Z @ 19
Event: 18.426 Thread 0x0000000002023000 Uncommon trap: reason=class_check action=maybe_recompile pc=0x0000000002cd1de4 method=java.util.regex.Pattern$Curly.match(Ljava/util/regex/Matcher;ILjava/lang/CharSequence;)Z @ 19
Event: 18.428 Thread 0x0000000002023000 Uncommon trap: reason=class_check action=maybe_recompile pc=0x0000000002cd1de4 method=java.util.regex.Pattern$Curly.match(Ljava/util/regex/Matcher;ILjava/lang/CharSequence;)Z @ 19
Event: 18.428 Thread 0x0000000002023000 Uncommon trap: reason=class_check action=maybe_recompile pc=0x0000000002cd1de4 method=java.util.regex.Pattern$Curly.match(Ljava/util/regex/Matcher;ILjava/lang/CharSequence;)Z @ 19

Internal exceptions (10 events):
Event: 24.077 Thread 0x0000000002023000 Exception <a 'java/net/SocketTimeoutException': Read timed out> (0x00000000eb560a48) thrown at [C:\re\workspace\8-2-build-windows-amd64-cygwin\jdk8u121\8372\hotspot\src\share\vm\prims\jni.cpp, line 735]
Event: 24.197 Thread 0x0000000002023000 Exception <a 'java/net/SocketTimeoutException': Read timed out> (0x00000000eb5a2d80) thrown at [C:\re\workspace\8-2-build-windows-amd64-cygwin\jdk8u121\8372\hotspot\src\share\vm\prims\jni.cpp, line 735]
Event: 24.224 Thread 0x0000000002023000 Exception <a 'java/net/SocketTimeoutException': Read timed out> (0x00000000eb5e7bf8) thrown at [C:\re\workspace\8-2-build-windows-amd64-cygwin\jdk8u121\8372\hotspot\src\share\vm\prims\jni.cpp, line 735]
Event: 24.330 Thread 0x0000000002023000 Exception <a 'java/net/SocketTimeoutException': Read timed out> (0x00000000eb629f48) thrown at [C:\re\workspace\8-2-build-windows-amd64-cygwin\jdk8u121\8372\hotspot\src\share\vm\prims\jni.cpp, line 735]
Event: 24.357 Thread 0x0000000002023000 Exception <a 'java/net/SocketTimeoutException': Read timed out> (0x00000000eb66ee30) thrown at [C:\re\workspace\8-2-build-windows-amd64-cygwin\jdk8u121\8372\hotspot\src\share\vm\prims\jni.cpp, line 735]
Event: 24.523 Thread 0x0000000002023000 Exception <a 'java/net/SocketTimeoutException': Read timed out> (0x00000000eb6b1108) thrown at [C:\re\workspace\8-2-build-windows-amd64-cygwin\jdk8u121\8372\hotspot\src\share\vm\prims\jni.cpp, line 735]
Event: 24.550 Thread 0x0000000002023000 Exception <a 'java/net/SocketTimeoutException': Read timed out> (0x00000000eb6f5f60) thrown at [C:\re\workspace\8-2-build-windows-amd64-cygwin\jdk8u121\8372\hotspot\src\share\vm\prims\jni.cpp, line 735]
Event: 24.642 Thread 0x0000000002023000 Exception <a 'java/net/SocketTimeoutException': Read timed out> (0x00000000eb7382c0) thrown at [C:\re\workspace\8-2-build-windows-amd64-cygwin\jdk8u121\8372\hotspot\src\share\vm\prims\jni.cpp, line 735]
Event: 24.654 Thread 0x0000000002023000 Exception <a 'java/net/SocketTimeoutException': Read timed out> (0x00000000eb7784f8) thrown at [C:\re\workspace\8-2-build-windows-amd64-cygwin\jdk8u121\8372\hotspot\src\share\vm\prims\jni.cpp, line 735]
Event: 24.686 Thread 0x0000000002023000 Exception <a 'java/net/SocketTimeoutException': Read timed out> (0x00000000eb7bd5f0) thrown at [C:\re\workspace\8-2-build-windows-amd64-cygwin\jdk8u121\8372\hotspot\src\share\vm\prims\jni.cpp, line 735]

Events (10 events):
Event: 22.689 loading class org/openqa/selenium/internal/WrapsDriver
Event: 22.689 loading class org/openqa/selenium/internal/WrapsDriver done
Event: 22.694 loading class org/openqa/selenium/internal/Locatable
Event: 22.694 loading class org/openqa/selenium/internal/Locatable done
Event: 22.698 loading class org/openqa/selenium/internal/HasIdentity
Event: 22.698 loading class org/openqa/selenium/internal/HasIdentity done
Event: 22.703 loading class org/openqa/selenium/interactions/internal/Coordinates
Event: 22.703 loading class org/openqa/selenium/interactions/internal/Coordinates done
Event: 24.355 Thread 0x0000000002023000 DEOPT PACKING pc=0x0000000002df5781 sp=0x00000000025bcc10
Event: 24.355 Thread 0x0000000002023000 DEOPT UNPACKING pc=0x00000000028d787f sp=0x00000000025bca00 mode 0


Dynamic libraries:
0x000000013f660000 - 0x000000013f697000 	C:\Program Files\Java\jdk1.8.0_121\bin\javaw.exe
0x0000000077910000 - 0x0000000077aaf000 	C:\Windows\SYSTEM32\ntdll.dll
0x00000000777f0000 - 0x000000007790f000 	C:\Windows\system32\kernel32.dll
0x000007fefd900000 - 0x000007fefd96a000 	C:\Windows\system32\KERNELBASE.dll
0x000007fefe730000 - 0x000007fefe80b000 	C:\Windows\system32\ADVAPI32.dll
0x000007feffb10000 - 0x000007feffbaf000 	C:\Windows\system32\msvcrt.dll
0x000007fefd9a0000 - 0x000007fefd9bf000 	C:\Windows\SYSTEM32\sechost.dll
0x000007feff740000 - 0x000007feff86d000 	C:\Windows\system32\RPCRT4.dll
0x00000000776f0000 - 0x00000000777ea000 	C:\Windows\system32\USER32.dll
0x000007fefe930000 - 0x000007fefe997000 	C:\Windows\system32\GDI32.dll
0x000007feff730000 - 0x000007feff73e000 	C:\Windows\system32\LPK.dll
0x000007fefdde0000 - 0x000007fefdeab000 	C:\Windows\system32\USP10.dll
0x000007fefbfa0000 - 0x000007fefc194000 	C:\Windows\WinSxS\amd64_microsoft.windows.common-controls_6595b64144ccf1df_6.0.7601.18837_none_fa3b1e3d17594757\COMCTL32.dll
0x000007fefe8b0000 - 0x000007fefe921000 	C:\Windows\system32\SHLWAPI.dll
0x000007fefe430000 - 0x000007fefe45e000 	C:\Windows\system32\IMM32.DLL
0x000007fefdeb0000 - 0x000007fefdfb9000 	C:\Windows\system32\MSCTF.dll
0x000007fefd520000 - 0x000007fefd545000 	C:\Windows\system32\vmwsci.dll
0x0000000077ac0000 - 0x0000000077ac7000 	C:\Windows\system32\PSAPI.DLL
0x000000006ad50000 - 0x000000006ae22000 	C:\Program Files\Java\jdk1.8.0_121\jre\bin\msvcr100.dll
0x0000000068d80000 - 0x000000006961b000 	C:\Program Files\Java\jdk1.8.0_121\jre\bin\server\jvm.dll
0x000007fef8f90000 - 0x000007fef8f99000 	C:\Windows\system32\WSOCK32.dll
0x000007feffbb0000 - 0x000007feffbfd000 	C:\Windows\system32\WS2_32.dll
0x000007fefdb50000 - 0x000007fefdb58000 	C:\Windows\system32\NSI.dll
0x000007fefadd0000 - 0x000007fefae0b000 	C:\Windows\system32\WINMM.dll
0x000007fefc860000 - 0x000007fefc86c000 	C:\Windows\system32\VERSION.dll
0x000000006ad40000 - 0x000000006ad4f000 	C:\Program Files\Java\jdk1.8.0_121\jre\bin\verify.dll
0x000000006ad10000 - 0x000000006ad39000 	C:\Program Files\Java\jdk1.8.0_121\jre\bin\java.dll
0x000000006acf0000 - 0x000000006ad06000 	C:\Program Files\Java\jdk1.8.0_121\jre\bin\zip.dll
0x000007fefe9a0000 - 0x000007feff72a000 	C:\Windows\system32\SHELL32.dll
0x000007feff910000 - 0x000007feffb0c000 	C:\Windows\system32\ole32.dll
0x000007fefd5e0000 - 0x000007fefd5ef000 	C:\Windows\system32\profapi.dll
0x000000006acd0000 - 0x000000006acea000 	C:\Program Files\Java\jdk1.8.0_121\jre\bin\net.dll
0x000007fefcd40000 - 0x000007fefcd95000 	C:\Windows\system32\mswsock.dll
0x000007fefcd30000 - 0x000007fefcd37000 	C:\Windows\System32\wship6.dll
0x000007fefc470000 - 0x000007fefc477000 	C:\Windows\System32\wshtcpip.dll
0x000007fefcbc0000 - 0x000007fefcc1b000 	C:\Windows\system32\DNSAPI.dll
0x000007fefb360000 - 0x000007fefb387000 	C:\Windows\system32\IPHLPAPI.DLL
0x000007fefb350000 - 0x000007fefb35b000 	C:\Windows\system32\WINNSI.DLL
0x000007fef9530000 - 0x000007fef9538000 	C:\Windows\system32\rasadhlp.dll
0x000007fef9df0000 - 0x000007fef9e43000 	C:\Windows\System32\fwpuclnt.dll
0x000007fefcda0000 - 0x000007fefcdb8000 	C:\Windows\system32\CRYPTSP.dll
0x000007fefcaa0000 - 0x000007fefcae7000 	C:\Windows\system32\rsaenh.dll
0x000007fefd820000 - 0x000007fefd83e000 	C:\Windows\system32\USERENV.dll
0x000007fefd410000 - 0x000007fefd41f000 	C:\Windows\system32\CRYPTBASE.dll
0x000007fefa8c0000 - 0x000007fefa8d1000 	C:\Windows\system32\dhcpcsvc6.DLL
0x000007fefa8a0000 - 0x000007fefa8b8000 	C:\Windows\system32\dhcpcsvc.DLL
0x000000006acb0000 - 0x000000006acc1000 	C:\Program Files\Java\jdk1.8.0_121\jre\bin\nio.dll
0x000007fefb160000 - 0x000007fefb175000 	C:\Windows\system32\NLAapi.dll
0x000007fef95e0000 - 0x000007fef95f5000 	C:\Windows\system32\napinsp.dll
0x000007fef9580000 - 0x000007fef9599000 	C:\Windows\system32\pnrpnsp.dll
0x000007fef9570000 - 0x000007fef957b000 	C:\Windows\System32\winrnr.dll
0x000000006ac80000 - 0x000000006aca4000 	C:\Program Files\Java\jdk1.8.0_121\jre\bin\sunec.dll
0x000007fefd3b0000 - 0x000007fefd407000 	C:\Windows\system32\apphelp.dll

VM Arguments:
jvm_args: -ea -Dfile.encoding=Cp1252 
java_command: org.testng.remote.RemoteTestNG -serport 54431 -protocol json -d C:\Users\PWAXG01\workspace\DataDrivenFrameworkone\test-output C:\Users\PWAXG01\AppData\Local\Temp\testng-eclipse--934710122\testng-customsuite.xml
java_class_path (initial): C:\Program Files\eclipse\configuration\org.eclipse.osgi\489\0\.cp\lib\testng-remote.jar;C:\Users\PWAXG01\workspace\DataDrivenFrameworkone\target\test-classes;C:\Users\PWAXG01\workspace\DataDrivenFrameworkone\target\classes;C:\Users\PWAXG01\.m2\repository\org\seleniumhq\selenium\selenium-java\2.53.1\selenium-java-2.53.1.jar;C:\Users\PWAXG01\.m2\repository\org\seleniumhq\selenium\selenium-chrome-driver\2.53.1\selenium-chrome-driver-2.53.1.jar;C:\Users\PWAXG01\.m2\repository\org\seleniumhq\selenium\selenium-remote-driver\2.53.1\selenium-remote-driver-2.53.1.jar;C:\Users\PWAXG01\.m2\repository\cglib\cglib-nodep\2.1_3\cglib-nodep-2.1_3.jar;C:\Users\PWAXG01\.m2\repository\com\google\code\gson\gson\2.3.1\gson-2.3.1.jar;C:\Users\PWAXG01\.m2\repository\org\seleniumhq\selenium\selenium-api\2.53.1\selenium-api-2.53.1.jar;C:\Users\PWAXG01\.m2\repository\org\apache\httpcomponents\httpclient\4.5.1\httpclient-4.5.1.jar;C:\Users\PWAXG01\.m2\repository\org\apache\httpcomponents\httpcore\4.4.3\httpcore-4.4.3.jar;C:\Users\PWAXG01\.m2\repository\org\seleniumhq\selenium\selenium-edge-driver\2.53.1\selenium-edge-driver-2.53.1.jar;C:\Users\PWAXG01\.m2\repository\commons-io\commons-io\2.4\commons-io-2.4.jar;C:\Users\PWAXG01\.m2\repository\org\apache\commons\commons-exec\1.3\commons-exec-1.3.jar;C:\Users\PWAXG01\.m2\repository\org\seleniumhq\selenium\htmlunit-driver\2.21\htmlunit-driver-2.21.jar;C:\Users\PWAXG01\.m2\repository\net\sourceforge\htmlunit\htmlunit\2.21\htmlunit-2.21.jar;C:\Users\PWAXG01\.m2\repository\xalan\xalan\2.7.2\xalan-2.7.2.jar;C:\Users\PWAXG01\.m2\repository\xalan\serializer\2.7.2\serializer-2.7.2.jar;C:\Users\PWAXG01\.m2\repository\org\apache\commons\commons-lang3\3.4\commons-lang3-3.4.jar;C:\Users\PWAXG01\.m2\repository\org\apache\httpcomponents\httpmime\4.5.2\httpmime-4.5.2.jar;C:\Users\PWAXG01\.m2\repository\commons-codec\commons-codec\1.10\commons-codec-1.10.jar;C:\Users\PWAXG01\.m2\repository\net\sourceforge\htmlunit\htmlunit-core-js\2
Launcher Type: SUN_STANDARD

Environment Variables:
JAVA_HOME=C:\Program Files\Java\jdk1.8.0_121
PATH=C:/Program Files/Java/jre1.8.0_121/bin/server;C:/Program Files/Java/jre1.8.0_121/bin;C:/Program Files/Java/jre1.8.0_121/lib/amd64;C:\ProgramData\Oracle\Java\javapath;C:\Windows\system32;C:\Windows;C:\Windows\System32\Wbem;C:\Windows\System32\WindowsPowerShell\v1.0\;C:\Windows\System32\WindowsPowerShell\v1.0\;C:\Windows\System32\WindowsPowerShell\v1.0\;C:\Program Files\Common Files\ThinPrint\;C:\Oracle\product\11.2.0\client_1\bin;C:\Oracle\Oracle_12c_client\product\12.1.0\client_2\bin;C:\oracle\product\11.2.0\client_1\bin;C:\Program Files\Java\jdk1.8.0_121\bin;C:\Program Files\Microsoft SQL Server\110\Tools\Binn\;C:\Program Files (x86)\Microsoft SDKs\TypeScript\1.0\;C:\Program Files\eclipse;
USERNAME=PWAXG01
OS=Windows_NT
PROCESSOR_IDENTIFIER=Intel64 Family 6 Model 58 Stepping 0, GenuineIntel



---------------  S Y S T E M  ---------------

OS: Windows 7 , 64 bit Build 7601 (6.1.7601.24150)

CPU:total 2 (1 cores per cpu, 1 threads per core) family 6 model 58 stepping 0, cmov, cx8, fxsr, mmx, sse, sse2, sse3, ssse3, sse4.1, sse4.2, popcnt, avx, aes, clmul, erms, tsc, tscinvbit, tscinv

Memory: 4k page, physical 4193848k(166868k free), swap 4254576k(5264k free)

vm_info: Java HotSpot(TM) 64-Bit Server VM (25.121-b13) for windows-amd64 JRE (1.8.0_121-b13), built on Dec 12 2016 18:21:36 by "java_re" with MS VC++ 10.0 (VS2010)

time: Tue Jul 17 16:45:58 2018
elapsed time: 24 seconds (0d 0h 0m 24s)

