#
# There is insufficient memory for the Java Runtime Environment to continue.
# Native memory allocation (malloc) failed to allocate 336176 bytes for Chunk::new
# Possible reasons:
#   The system is out of physical RAM or swap space
#   In 32 bit mode, the process size limit was hit
# Possible solutions:
#   Reduce memory load on the system
#   Increase physical memory or swap space
#   Check if swap backing store is full
#   Use 64 bit Java on a 64 bit OS
#   Decrease Java heap size (-Xmx/-Xms)
#   Decrease number of Java threads
#   Decrease Java thread stack sizes (-Xss)
#   Set larger code cache with -XX:ReservedCodeCacheSize=
# This output file may be truncated or incomplete.
#
#  Out of Memory Error (allocation.cpp:390), pid=11088, tid=0x0000000000002b78
#
# JRE version: Java(TM) SE Runtime Environment (8.0_121-b13) (build 1.8.0_121-b13)
# Java VM: Java HotSpot(TM) 64-Bit Server VM (25.121-b13 mixed mode windows-amd64 compressed oops)
# Failed to write core dump. Minidumps are not enabled by default on client versions of Windows
#

---------------  T H R E A D  ---------------

Current thread (0x0000000054c25000):  JavaThread "C2 CompilerThread0" daemon [_thread_in_native, id=11128, stack(0x0000000055d10000,0x0000000055e10000)]

Stack: [0x0000000055d10000,0x0000000055e10000]
[error occurred during error reporting (printing stack bounds), id 0xc0000005]

Native frames: (J=compiled Java code, j=interpreted, Vv=VM code, C=native code)


Current CompileTask:
C2:   3416  543   !   4       sun.misc.URLClassPath$JarLoader::getResource (85 bytes)


---------------  P R O C E S S  ---------------

Java Threads: ( => current thread )
  0x00000000569e0800 JavaThread "ReaderThread" [_thread_in_native, id=4676, stack(0x00000000570c0000,0x00000000571c0000)]
  0x0000000054c78800 JavaThread "Service Thread" daemon [_thread_blocked, id=9372, stack(0x0000000056450000,0x0000000056550000)]
  0x0000000054c28000 JavaThread "C1 CompilerThread1" daemon [_thread_in_native, id=10640, stack(0x0000000055ec0000,0x0000000055fc0000)]
=>0x0000000054c25000 JavaThread "C2 CompilerThread0" daemon [_thread_in_native, id=11128, stack(0x0000000055d10000,0x0000000055e10000)]
  0x0000000054c20000 JavaThread "Attach Listener" daemon [_thread_blocked, id=11488, stack(0x0000000055bf0000,0x0000000055cf0000)]
  0x0000000054c1d800 JavaThread "Signal Dispatcher" daemon [_thread_blocked, id=11820, stack(0x0000000055a10000,0x0000000055b10000)]
  0x0000000054c02000 JavaThread "Finalizer" daemon [_thread_blocked, id=8020, stack(0x0000000055830000,0x0000000055930000)]
  0x0000000054bb8800 JavaThread "Reference Handler" daemon [_thread_blocked, id=10572, stack(0x0000000055660000,0x0000000055760000)]
  0x0000000001fe3000 JavaThread "main" [_thread_in_vm, id=9352, stack(0x0000000002130000,0x0000000002230000)]

Other Threads:
  0x0000000054bb0800 VMThread [stack: 0x0000000055550000,0x0000000055650000] [id=11588]
  0x000000005601a000 WatcherThread [stack: 0x0000000056610000,0x0000000056710000] [id=10228]

VM state:not at safepoint (normal execution)

VM Mutex/Monitor currently owned by a thread: None

Heap:
 PSYoungGen      total 18944K, used 15209K [0x00000000eab00000, 0x00000000ec000000, 0x0000000100000000)
  eden space 16384K, 92% used [0x00000000eab00000,0x00000000eb9da6e8,0x00000000ebb00000)
  from space 2560K, 0% used [0x00000000ebd80000,0x00000000ebd80000,0x00000000ec000000)
  to   space 2560K, 0% used [0x00000000ebb00000,0x00000000ebb00000,0x00000000ebd80000)
 ParOldGen       total 44032K, used 0K [0x00000000c0000000, 0x00000000c2b00000, 0x00000000eab00000)
  object space 44032K, 0% used [0x00000000c0000000,0x00000000c0000000,0x00000000c2b00000)
 Metaspace       used 6719K, capacity 6856K, committed 7040K, reserved 1056768K
  class space    used 783K, capacity 818K, committed 896K, reserved 1048576K

Card table byte_map: [0x00000000118c0000,0x0000000011ad0000] byte_map_base: 0x00000000112c0000

Marking Bits: (ParMarkBitMap*) 0x00000000594ab6d0
 Begin Bits: [0x0000000012080000, 0x0000000013080000)
 End Bits:   [0x0000000013080000, 0x0000000014080000)

Polling page: 0x0000000000210000

CodeCache: size=245760Kb used=2473Kb max_used=2473Kb free=243286Kb
 bounds [0x0000000002500000, 0x0000000002770000, 0x0000000011500000]
 total_blobs=841 nmethods=544 adapters=210
 compilation: enabled

Compilation events (10 events):
Event: 3.374 Thread 0x0000000054c28000 nmethod 538 0x0000000002768490 code [0x0000000002768600, 0x0000000002768868]
Event: 3.374 Thread 0x0000000054c28000  539       3       java.util.Random::next (47 bytes)
Event: 3.374 Thread 0x0000000054c28000 nmethod 539 0x0000000002768910 code [0x0000000002768a80, 0x0000000002768e90]
Event: 3.375 Thread 0x0000000054c28000  540       3       java.io.WinNTFileSystem::normalize (143 bytes)
Event: 3.376 Thread 0x0000000054c28000 nmethod 540 0x0000000002769010 code [0x0000000002769200, 0x0000000002769a28]
Event: 3.385 Thread 0x0000000054c28000  541       3       java.lang.ClassLoader::checkPackageAccess (122 bytes)
Event: 3.386 Thread 0x0000000054c28000 nmethod 541 0x0000000002769dd0 code [0x000000000276a000, 0x000000000276aba8]
Event: 3.386 Thread 0x0000000054c28000  542   !   3       java.util.Collections$SynchronizedCollection::add (25 bytes)
Event: 3.386 Thread 0x0000000054c28000 nmethod 542 0x000000000276b150 code [0x000000000276b2c0, 0x000000000276b668]
Event: 3.402 Thread 0x0000000054c25000  543   !   4       sun.misc.URLClassPath$JarLoader::getResource (85 bytes)

GC Heap History (0 events):
No events

Deoptimization events (4 events):
Event: 1.019 Thread 0x0000000001fe3000 Uncommon trap: reason=unstable_if action=reinterpret pc=0x000000000261bf68 method=java.lang.String.hashCode()I @ 14
Event: 1.809 Thread 0x0000000001fe3000 Uncommon trap: reason=unstable_if action=reinterpret pc=0x0000000002674318 method=java.lang.String.startsWith(Ljava/lang/String;I)Z @ 25
Event: 3.122 Thread 0x0000000001fe3000 Uncommon trap: reason=unstable_if action=reinterpret pc=0x000000000269e944 method=java.lang.String.indexOf([CII[CIII)I @ 3
Event: 3.253 Thread 0x0000000001fe3000 Uncommon trap: reason=unstable_if action=reinterpret pc=0x0000000002722324 method=java.io.WinNTFileSystem.normalize(Ljava/lang/String;)Ljava/lang/String; @ 128

Internal exceptions (10 events):
Event: 1.223 Thread 0x0000000001fe3000 Exception <a 'java/security/PrivilegedActionException'> (0x00000000eac469f8) thrown at [C:\re\workspace\8-2-build-windows-amd64-cygwin\jdk8u121\8372\hotspot\src\share\vm\prims\jvm.cpp, line 1390]
Event: 1.223 Thread 0x0000000001fe3000 Exception <a 'java/security/PrivilegedActionException'> (0x00000000eac46c08) thrown at [C:\re\workspace\8-2-build-windows-amd64-cygwin\jdk8u121\8372\hotspot\src\share\vm\prims\jvm.cpp, line 1390]
Event: 1.348 Thread 0x0000000001fe3000 Exception <a 'java/security/PrivilegedActionException'> (0x00000000eacb3688) thrown at [C:\re\workspace\8-2-build-windows-amd64-cygwin\jdk8u121\8372\hotspot\src\share\vm\prims\jvm.cpp, line 1390]
Event: 1.348 Thread 0x0000000001fe3000 Exception <a 'java/security/PrivilegedActionException'> (0x00000000eacb3898) thrown at [C:\re\workspace\8-2-build-windows-amd64-cygwin\jdk8u121\8372\hotspot\src\share\vm\prims\jvm.cpp, line 1390]
Event: 1.683 Thread 0x0000000001fe3000 Exception <a 'java/lang/ArrayIndexOutOfBoundsException'> (0x00000000eaf1b538) thrown at [C:\re\workspace\8-2-build-windows-amd64-cygwin\jdk8u121\8372\hotspot\src\share\vm\runtime\sharedRuntime.cpp, line 605]
Event: 1.683 Thread 0x0000000001fe3000 Exception <a 'java/lang/ArrayIndexOutOfBoundsException'> (0x00000000eaf1c440) thrown at [C:\re\workspace\8-2-build-windows-amd64-cygwin\jdk8u121\8372\hotspot\src\share\vm\runtime\sharedRuntime.cpp, line 605]
Event: 1.711 Thread 0x0000000001fe3000 Exception <a 'java/security/PrivilegedActionException'> (0x00000000eaf43e18) thrown at [C:\re\workspace\8-2-build-windows-amd64-cygwin\jdk8u121\8372\hotspot\src\share\vm\prims\jvm.cpp, line 1390]
Event: 1.711 Thread 0x0000000001fe3000 Exception <a 'java/security/PrivilegedActionException'> (0x00000000eaf44028) thrown at [C:\re\workspace\8-2-build-windows-amd64-cygwin\jdk8u121\8372\hotspot\src\share\vm\prims\jvm.cpp, line 1390]
Event: 1.712 Thread 0x0000000001fe3000 Exception <a 'java/security/PrivilegedActionException'> (0x00000000eaf47f38) thrown at [C:\re\workspace\8-2-build-windows-amd64-cygwin\jdk8u121\8372\hotspot\src\share\vm\prims\jvm.cpp, line 1390]
Event: 1.712 Thread 0x0000000001fe3000 Exception <a 'java/security/PrivilegedActionException'> (0x00000000eaf48148) thrown at [C:\re\workspace\8-2-build-windows-amd64-cygwin\jdk8u121\8372\hotspot\src\share\vm\prims\jvm.cpp, line 1390]

Events (10 events):
Event: 3.393 loading class sun/misc/URLClassPath$FileLoader$1
Event: 3.393 loading class sun/misc/URLClassPath$FileLoader$1 done
Event: 3.393 Executing VM operation: Deoptimize
Event: 3.393 Executing VM operation: Deoptimize done
Event: 3.399 loading class com/w2a/base/TestBase
Event: 3.399 loading class com/w2a/base/TestBase done
Event: 3.402 loading class org/apache/xerces/impl/dtd/models/DFAContentModel
Event: 3.402 loading class org/apache/xerces/impl/dtd/models/DFAContentModel done
Event: 3.409 loading class org/apache/xerces/impl/dtd/models/CMStateSet
Event: 3.409 loading class org/apache/xerces/impl/dtd/models/CMStateSet done


Dynamic libraries:
0x000000013f500000 - 0x000000013f537000 	C:\Program Files\Java\jdk1.8.0_121\bin\javaw.exe
0x0000000077a00000 - 0x0000000077b9f000 	C:\Windows\SYSTEM32\ntdll.dll
0x00000000778e0000 - 0x00000000779ff000 	C:\Windows\system32\kernel32.dll
0x000007fefd720000 - 0x000007fefd78a000 	C:\Windows\system32\KERNELBASE.dll
0x000007feff300000 - 0x000007feff3db000 	C:\Windows\system32\ADVAPI32.dll
0x000007feff8f0000 - 0x000007feff98f000 	C:\Windows\system32\msvcrt.dll
0x000007feff1c0000 - 0x000007feff1df000 	C:\Windows\SYSTEM32\sechost.dll
0x000007fefda90000 - 0x000007fefdbbd000 	C:\Windows\system32\RPCRT4.dll
0x00000000777e0000 - 0x00000000778da000 	C:\Windows\system32\USER32.dll
0x000007fefe150000 - 0x000007fefe1b7000 	C:\Windows\system32\GDI32.dll
0x000007fefdbc0000 - 0x000007fefdbce000 	C:\Windows\system32\LPK.dll
0x000007fefef50000 - 0x000007feff01b000 	C:\Windows\system32\USP10.dll
0x000007fefbef0000 - 0x000007fefc0e4000 	C:\Windows\WinSxS\amd64_microsoft.windows.common-controls_6595b64144ccf1df_6.0.7601.18837_none_fa3b1e3d17594757\COMCTL32.dll
0x000007feff250000 - 0x000007feff2c1000 	C:\Windows\system32\SHLWAPI.dll
0x000007feff2d0000 - 0x000007feff2fe000 	C:\Windows\system32\IMM32.DLL
0x000007fefdbd0000 - 0x000007fefdcd9000 	C:\Windows\system32\MSCTF.dll
0x000007fefd610000 - 0x000007fefd635000 	C:\Windows\system32\vmwsci.dll
0x0000000077ba0000 - 0x0000000077ba7000 	C:\Windows\system32\PSAPI.DLL
0x0000000071be0000 - 0x0000000071cb2000 	C:\Program Files\Java\jdk1.8.0_121\jre\bin\msvcr100.dll
0x0000000058c90000 - 0x000000005952b000 	C:\Program Files\Java\jdk1.8.0_121\jre\bin\server\jvm.dll
0x000007fef7fa0000 - 0x000007fef7fa9000 	C:\Windows\system32\WSOCK32.dll
0x000007feff200000 - 0x000007feff24d000 	C:\Windows\system32\WS2_32.dll
0x000007feff020000 - 0x000007feff028000 	C:\Windows\system32\NSI.dll
0x000007fefb540000 - 0x000007fefb57b000 	C:\Windows\system32\WINMM.dll
0x000007fefc950000 - 0x000007fefc95c000 	C:\Windows\system32\VERSION.dll
0x0000000072d60000 - 0x0000000072d6f000 	C:\Program Files\Java\jdk1.8.0_121\jre\bin\verify.dll
0x0000000071fb0000 - 0x0000000071fd9000 	C:\Program Files\Java\jdk1.8.0_121\jre\bin\java.dll
0x0000000071bc0000 - 0x0000000071bd6000 	C:\Program Files\Java\jdk1.8.0_121\jre\bin\zip.dll
0x000007fefe1c0000 - 0x000007fefef4a000 	C:\Windows\system32\SHELL32.dll
0x000007feffaf0000 - 0x000007feffcec000 	C:\Windows\system32\ole32.dll
0x000007fefd6e0000 - 0x000007fefd6ef000 	C:\Windows\system32\profapi.dll
0x0000000071ba0000 - 0x0000000071bba000 	C:\Program Files\Java\jdk1.8.0_121\jre\bin\net.dll
0x000007fefce30000 - 0x000007fefce85000 	C:\Windows\system32\mswsock.dll
0x000007fefce20000 - 0x000007fefce27000 	C:\Windows\System32\wship6.dll
0x000007fefc560000 - 0x000007fefc567000 	C:\Windows\System32\wshtcpip.dll
0x000007fefccb0000 - 0x000007fefcd0b000 	C:\Windows\system32\DNSAPI.dll
0x000007fefb680000 - 0x000007fefb6a7000 	C:\Windows\system32\IPHLPAPI.DLL
0x000007fefb650000 - 0x000007fefb65b000 	C:\Windows\system32\WINNSI.DLL
0x000007fef9430000 - 0x000007fef9438000 	C:\Windows\system32\rasadhlp.dll
0x000007fefa0a0000 - 0x000007fefa0f3000 	C:\Windows\System32\fwpuclnt.dll
0x000007fefce90000 - 0x000007fefcea8000 	C:\Windows\system32\CRYPTSP.dll
0x000007fefcb90000 - 0x000007fefcbd7000 	C:\Windows\system32\rsaenh.dll
0x000007fefd790000 - 0x000007fefd7ae000 	C:\Windows\system32\USERENV.dll
0x000007fefd500000 - 0x000007fefd50f000 	C:\Windows\system32\CRYPTBASE.dll
0x000007fefad30000 - 0x000007fefad41000 	C:\Windows\system32\dhcpcsvc6.DLL
0x000007fefab10000 - 0x000007fefab28000 	C:\Windows\system32\dhcpcsvc.DLL
0x0000000071b80000 - 0x0000000071b91000 	C:\Program Files\Java\jdk1.8.0_121\jre\bin\nio.dll

VM Arguments:
jvm_args: -ea -Dfile.encoding=Cp1252 
java_command: org.testng.remote.RemoteTestNG -serport 60988 -protocol json -d C:\Users\PWAXG01\workspace\DataDrivenFrameworkone\test-output C:\Users\PWAXG01\AppData\Local\Temp\testng-eclipse--2087686211\testng-customsuite.xml
java_class_path (initial): C:\Program Files\eclipse\configuration\org.eclipse.osgi\489\0\.cp\lib\testng-remote.jar;C:\Users\PWAXG01\workspace\DataDrivenFrameworkone\target\test-classes;C:\Users\PWAXG01\workspace\DataDrivenFrameworkone\target\classes;C:\Users\PWAXG01\.m2\repository\org\seleniumhq\selenium\selenium-java\2.53.1\selenium-java-2.53.1.jar;C:\Users\PWAXG01\.m2\repository\org\seleniumhq\selenium\selenium-chrome-driver\2.53.1\selenium-chrome-driver-2.53.1.jar;C:\Users\PWAXG01\.m2\repository\org\seleniumhq\selenium\selenium-remote-driver\2.53.1\selenium-remote-driver-2.53.1.jar;C:\Users\PWAXG01\.m2\repository\cglib\cglib-nodep\2.1_3\cglib-nodep-2.1_3.jar;C:\Users\PWAXG01\.m2\repository\com\google\code\gson\gson\2.3.1\gson-2.3.1.jar;C:\Users\PWAXG01\.m2\repository\org\seleniumhq\selenium\selenium-api\2.53.1\selenium-api-2.53.1.jar;C:\Users\PWAXG01\.m2\repository\org\apache\httpcomponents\httpclient\4.5.1\httpclient-4.5.1.jar;C:\Users\PWAXG01\.m2\repository\org\apache\httpcomponents\httpcore\4.4.3\httpcore-4.4.3.jar;C:\Users\PWAXG01\.m2\repository\org\seleniumhq\selenium\selenium-edge-driver\2.53.1\selenium-edge-driver-2.53.1.jar;C:\Users\PWAXG01\.m2\repository\commons-io\commons-io\2.4\commons-io-2.4.jar;C:\Users\PWAXG01\.m2\repository\org\apache\commons\commons-exec\1.3\commons-exec-1.3.jar;C:\Users\PWAXG01\.m2\repository\org\seleniumhq\selenium\htmlunit-driver\2.21\htmlunit-driver-2.21.jar;C:\Users\PWAXG01\.m2\repository\net\sourceforge\htmlunit\htmlunit\2.21\htmlunit-2.21.jar;C:\Users\PWAXG01\.m2\repository\xalan\xalan\2.7.2\xalan-2.7.2.jar;C:\Users\PWAXG01\.m2\repository\xalan\serializer\2.7.2\serializer-2.7.2.jar;C:\Users\PWAXG01\.m2\repository\org\apache\commons\commons-lang3\3.4\commons-lang3-3.4.jar;C:\Users\PWAXG01\.m2\repository\org\apache\httpcomponents\httpmime\4.5.2\httpmime-4.5.2.jar;C:\Users\PWAXG01\.m2\repository\commons-codec\commons-codec\1.10\commons-codec-1.10.jar;C:\Users\PWAXG01\.m2\repository\net\sourceforge\htmlunit\htmlunit-core-js\2
Launcher Type: SUN_STANDARD

Environment Variables:
JAVA_HOME=C:\Program Files\Java\jdk1.8.0_121
PATH=C:/Program Files/Java/jre1.8.0_121/bin/server;C:/Program Files/Java/jre1.8.0_121/bin;C:/Program Files/Java/jre1.8.0_121/lib/amd64;C:\ProgramData\Oracle\Java\javapath;C:\Windows\system32;C:\Windows;C:\Windows\System32\Wbem;C:\Windows\System32\WindowsPowerShell\v1.0\;C:\Windows\System32\WindowsPowerShell\v1.0\;C:\Windows\System32\WindowsPowerShell\v1.0\;C:\Program Files\Common Files\ThinPrint\;C:\Oracle\product\11.2.0\client_1\bin;C:\Oracle\Oracle_12c_client\product\12.1.0\client_2\bin;C:\oracle\product\11.2.0\client_1\bin;C:\Program Files\Java\jdk1.8.0_121\bin;C:\Program Files\Microsoft SQL Server\110\Tools\Binn\;C:\Program Files (x86)\Microsoft SDKs\TypeScript\1.0\;C:\Program Files\eclipse;
USERNAME=pwaxg01
OS=Windows_NT
PROCESSOR_IDENTIFIER=Intel64 Family 6 Model 58 Stepping 0, GenuineIntel



---------------  S Y S T E M  ---------------

OS: Windows 7 , 64 bit Build 7601 (6.1.7601.24150)

CPU:total 2 (1 cores per cpu, 1 threads per core) family 6 model 58 stepping 0, cmov, cx8, fxsr, mmx, sse, sse2, sse3, ssse3, sse4.1, sse4.2, popcnt, avx, aes, clmul, erms, tsc, tscinvbit, tscinv

Memory: 4k page, physical 4193848k(560048k free), swap 4953004k(6016k free)

vm_info: Java HotSpot(TM) 64-Bit Server VM (25.121-b13) for windows-amd64 JRE (1.8.0_121-b13), built on Dec 12 2016 18:21:36 by "java_re" with MS VC++ 10.0 (VS2010)

time: Tue Aug 14 14:56:48 2018
elapsed time: 3 seconds (0d 0h 0m 3s)

