#
# There is insufficient memory for the Java Runtime Environment to continue.
# Native memory allocation (malloc) failed to allocate 32744 bytes for ChunkPool::allocate
# Possible reasons:
#   The system is out of physical RAM or swap space
#   In 32 bit mode, the process size limit was hit
# Possible solutions:
#   Reduce memory load on the system
#   Increase physical memory or swap space
#   Check if swap backing store is full
#   Use 64 bit Java on a 64 bit OS
#   Decrease Java heap size (-Xmx/-Xms)
#   Decrease number of Java threads
#   Decrease Java thread stack sizes (-Xss)
#   Set larger code cache with -XX:ReservedCodeCacheSize=
# This output file may be truncated or incomplete.
#
#  Out of Memory Error (allocation.cpp:273), pid=9288, tid=0x0000000000000934
#
# JRE version: Java(TM) SE Runtime Environment (8.0_121-b13) (build 1.8.0_121-b13)
# Java VM: Java HotSpot(TM) 64-Bit Server VM (25.121-b13 mixed mode windows-amd64 compressed oops)
# Failed to write core dump. Minidumps are not enabled by default on client versions of Windows
#

---------------  T H R E A D  ---------------

Current thread (0x0000000054d1c800):  JavaThread "C1 CompilerThread1" daemon [_thread_in_native, id=2356, stack(0x0000000055fa0000,0x00000000560a0000)]

Stack: [0x0000000055fa0000,0x00000000560a0000]
[error occurred during error reporting (printing stack bounds), id 0xc0000005]

Native frames: (J=compiled Java code, j=interpreted, Vv=VM code, C=native code)


Current CompileTask:
C1:    738   44       3      
[error occurred during error reporting (printing current compile task), id 0xe0000001]


---------------  P R O C E S S  ---------------

Java Threads: ( => current thread )
  0x00000000560a8800 JavaThread "Service Thread" daemon [_thread_blocked, id=6656, stack(0x0000000056540000,0x0000000056640000)]
=>0x0000000054d1c800 JavaThread "C1 CompilerThread1" daemon [_thread_in_native, id=2356, stack(0x0000000055fa0000,0x00000000560a0000)]
  0x0000000054d19000 JavaThread "C2 CompilerThread0" daemon [_thread_blocked, id=9344, stack(0x0000000055e90000,0x0000000055f90000)]
  0x0000000054d14000 JavaThread "Attach Listener" daemon [_thread_blocked, id=7268, stack(0x0000000055d60000,0x0000000055e60000)]
  0x0000000054d11800 JavaThread "Signal Dispatcher" daemon [_thread_blocked, id=7856, stack(0x00000000557b0000,0x00000000558b0000)]
  0x0000000054cf2000 JavaThread "Finalizer" daemon [_thread_blocked, id=2568, stack(0x0000000055b00000,0x0000000055c00000)]
  0x0000000054ca8800 JavaThread "Reference Handler" daemon [_thread_blocked, id=8612, stack(0x00000000558f0000,0x00000000559f0000)]
  0x0000000001f83000 JavaThread "main" [_thread_in_native, id=6676, stack(0x0000000002390000,0x0000000002490000)]

Other Threads:
  0x0000000054ca0800 VMThread [stack: 0x0000000055620000,0x0000000055720000] [id=10164]
  0x0000000054d6f800 WatcherThread [stack: 0x0000000056710000,0x0000000056810000] [id=9596]

VM state:not at safepoint (normal execution)

VM Mutex/Monitor currently owned by a thread: None

Heap:
 PSYoungGen      total 18944K, used 1310K [0x00000000eab00000, 0x00000000ec000000, 0x0000000100000000)
  eden space 16384K, 8% used [0x00000000eab00000,0x00000000eac47b80,0x00000000ebb00000)
  from space 2560K, 0% used [0x00000000ebd80000,0x00000000ebd80000,0x00000000ec000000)
  to   space 2560K, 0% used [0x00000000ebb00000,0x00000000ebb00000,0x00000000ebd80000)
 ParOldGen       total 44032K, used 0K [0x00000000c0000000, 0x00000000c2b00000, 0x00000000eab00000)
  object space 44032K, 0% used [0x00000000c0000000,0x00000000c0000000,0x00000000c2b00000)
 Metaspace       used 3052K, capacity 4550K, committed 4864K, reserved 1056768K
  class space    used 334K, capacity 386K, committed 512K, reserved 1048576K

Card table byte_map: [0x0000000011b20000,0x0000000011d30000] byte_map_base: 0x0000000011520000

Marking Bits: (ParMarkBitMap*) 0x000000006f44b6d0
 Begin Bits: [0x0000000012170000, 0x0000000013170000)
 End Bits:   [0x0000000013170000, 0x0000000014170000)

Polling page: 0x0000000000310000

CodeCache: size=245760Kb used=1140Kb max_used=1140Kb free=244619Kb
 bounds [0x0000000002760000, 0x00000000029d0000, 0x0000000011760000]
 total_blobs=279 nmethods=43 adapters=149
 compilation: enabled

Compilation events (10 events):
Event: 0.720 Thread 0x0000000054d1c800 nmethod 39 0x0000000002878ad0 code [0x0000000002878ca0, 0x0000000002879628]
Event: 0.720 Thread 0x0000000054d1c800   40       3       java.lang.String::startsWith (72 bytes)
Event: 0.720 Thread 0x0000000054d1c800 nmethod 40 0x000000000287b8d0 code [0x000000000287ba40, 0x000000000287bd70]
Event: 0.720 Thread 0x0000000054d1c800   41       3       java.lang.Character::toUpperCaseEx (30 bytes)
Event: 0.720 Thread 0x0000000054d1c800 nmethod 41 0x000000000287bf50 code [0x000000000287c0c0, 0x000000000287c2f8]
Event: 0.720 Thread 0x0000000054d1c800   42       3       java.lang.CharacterDataLatin1::toUpperCaseEx (71 bytes)
Event: 0.720 Thread 0x0000000054d1c800 nmethod 42 0x000000000287c3d0 code [0x000000000287c540, 0x000000000287c810]
Event: 0.730 Thread 0x0000000054d1c800   43       3       java.lang.String::indexOf (166 bytes)
Event: 0.731 Thread 0x0000000054d1c800 nmethod 43 0x000000000287c990 code [0x000000000287cb40, 0x000000000287d190]
Event: 0.736 Thread 0x0000000054d1c800   44       3       java.lang.String::toLowerCase (439 bytes)

GC Heap History (0 events):
No events

Deoptimization events (1 events):
Event: 0.721 Thread 0x0000000001f83000 Uncommon trap: reason=unstable_if action=reinterpret pc=0x000000000287b7e8 method=java.lang.String.hashCode()I @ 14

Internal exceptions (2 events):
Event: 0.146 Thread 0x0000000001f83000 Exception <a 'java/lang/NoSuchMethodError': Method sun.misc.Unsafe.defineClass(Ljava/lang/String;[BII)Ljava/lang/Class; name or signature does not match> (0x00000000eab07ca8) thrown at [C:\re\workspace\8-2-build-windows-amd64-cygwin\jdk8u121\8372\hotspot\
Event: 0.147 Thread 0x0000000001f83000 Exception <a 'java/lang/NoSuchMethodError': Method sun.misc.Unsafe.prefetchRead(Ljava/lang/Object;J)V name or signature does not match> (0x00000000eab07f90) thrown at [C:\re\workspace\8-2-build-windows-amd64-cygwin\jdk8u121\8372\hotspot\src\share\vm\prims

Events (10 events):
Event: 0.727 loading class java/security/BasicPermissionCollection
Event: 0.727 loading class java/security/BasicPermissionCollection done
Event: 0.729 Executing VM operation: CollectForMetadataAllocation
Event: 0.729 Executing VM operation: CollectForMetadataAllocation done
Event: 0.729 loading class sun/launcher/LauncherHelper$FXHelper
Event: 0.729 loading class sun/launcher/LauncherHelper$FXHelper done
Event: 0.729 loading class org/testng/TestNGException
Event: 0.729 loading class org/testng/TestNGException done
Event: 0.729 loading class sun/misc/URLClassPath$FileLoader
Event: 0.730 loading class sun/misc/URLClassPath$FileLoader done


Dynamic libraries:
0x000000013f410000 - 0x000000013f447000 	C:\Program Files\Java\jdk1.8.0_121\bin\javaw.exe
0x0000000077910000 - 0x0000000077aaf000 	C:\Windows\SYSTEM32\ntdll.dll
0x00000000777f0000 - 0x000000007790f000 	C:\Windows\system32\kernel32.dll
0x000007fefd900000 - 0x000007fefd96a000 	C:\Windows\system32\KERNELBASE.dll
0x000007fefe730000 - 0x000007fefe80b000 	C:\Windows\system32\ADVAPI32.dll
0x000007feffb10000 - 0x000007feffbaf000 	C:\Windows\system32\msvcrt.dll
0x000007fefd9a0000 - 0x000007fefd9bf000 	C:\Windows\SYSTEM32\sechost.dll
0x000007feff740000 - 0x000007feff86d000 	C:\Windows\system32\RPCRT4.dll
0x00000000776f0000 - 0x00000000777ea000 	C:\Windows\system32\USER32.dll
0x000007fefe930000 - 0x000007fefe997000 	C:\Windows\system32\GDI32.dll
0x000007feff730000 - 0x000007feff73e000 	C:\Windows\system32\LPK.dll
0x000007fefdde0000 - 0x000007fefdeab000 	C:\Windows\system32\USP10.dll
0x000007fefbfa0000 - 0x000007fefc194000 	C:\Windows\WinSxS\amd64_microsoft.windows.common-controls_6595b64144ccf1df_6.0.7601.18837_none_fa3b1e3d17594757\COMCTL32.dll
0x000007fefe8b0000 - 0x000007fefe921000 	C:\Windows\system32\SHLWAPI.dll
0x000007fefe430000 - 0x000007fefe45e000 	C:\Windows\system32\IMM32.DLL
0x000007fefdeb0000 - 0x000007fefdfb9000 	C:\Windows\system32\MSCTF.dll
0x000007fefd520000 - 0x000007fefd545000 	C:\Windows\system32\vmwsci.dll
0x0000000077ac0000 - 0x0000000077ac7000 	C:\Windows\system32\PSAPI.DLL
0x0000000072a80000 - 0x0000000072b52000 	C:\Program Files\Java\jdk1.8.0_121\jre\bin\msvcr100.dll
0x000000006ec30000 - 0x000000006f4cb000 	C:\Program Files\Java\jdk1.8.0_121\jre\bin\server\jvm.dll
0x000007fef8f90000 - 0x000007fef8f99000 	C:\Windows\system32\WSOCK32.dll
0x000007feffbb0000 - 0x000007feffbfd000 	C:\Windows\system32\WS2_32.dll
0x000007fefdb50000 - 0x000007fefdb58000 	C:\Windows\system32\NSI.dll
0x000007fefadd0000 - 0x000007fefae0b000 	C:\Windows\system32\WINMM.dll
0x000007fefc860000 - 0x000007fefc86c000 	C:\Windows\system32\VERSION.dll
0x0000000072e00000 - 0x0000000072e0f000 	C:\Program Files\Java\jdk1.8.0_121\jre\bin\verify.dll
0x0000000072cb0000 - 0x0000000072cd9000 	C:\Program Files\Java\jdk1.8.0_121\jre\bin\java.dll
0x0000000072a60000 - 0x0000000072a76000 	C:\Program Files\Java\jdk1.8.0_121\jre\bin\zip.dll
0x000007fefe9a0000 - 0x000007feff72a000 	C:\Windows\system32\SHELL32.dll
0x000007feff910000 - 0x000007feffb0c000 	C:\Windows\system32\ole32.dll
0x000007fefd5e0000 - 0x000007fefd5ef000 	C:\Windows\system32\profapi.dll

VM Arguments:
jvm_args: -ea -Dfile.encoding=Cp1252 
java_command: org.testng.remote.RemoteTestNG -serport 58527 -protocol json -d C:\Users\PWAXG01\workspace\DataDrivenFrameworkone\test-output C:\Users\PWAXG01\AppData\Local\Temp\testng-eclipse--1091198641\testng-customsuite.xml
java_class_path (initial): C:\Program Files\eclipse\configuration\org.eclipse.osgi\489\0\.cp\lib\testng-remote.jar;C:\Users\PWAXG01\workspace\DataDrivenFrameworkone\target\test-classes;C:\Users\PWAXG01\workspace\DataDrivenFrameworkone\target\classes;C:\Users\PWAXG01\.m2\repository\org\seleniumhq\selenium\selenium-java\2.53.1\selenium-java-2.53.1.jar;C:\Users\PWAXG01\.m2\repository\org\seleniumhq\selenium\selenium-chrome-driver\2.53.1\selenium-chrome-driver-2.53.1.jar;C:\Users\PWAXG01\.m2\repository\org\seleniumhq\selenium\selenium-remote-driver\2.53.1\selenium-remote-driver-2.53.1.jar;C:\Users\PWAXG01\.m2\repository\cglib\cglib-nodep\2.1_3\cglib-nodep-2.1_3.jar;C:\Users\PWAXG01\.m2\repository\com\google\code\gson\gson\2.3.1\gson-2.3.1.jar;C:\Users\PWAXG01\.m2\repository\org\seleniumhq\selenium\selenium-api\2.53.1\selenium-api-2.53.1.jar;C:\Users\PWAXG01\.m2\repository\org\apache\httpcomponents\httpclient\4.5.1\httpclient-4.5.1.jar;C:\Users\PWAXG01\.m2\repository\org\apache\httpcomponents\httpcore\4.4.3\httpcore-4.4.3.jar;C:\Users\PWAXG01\.m2\repository\org\seleniumhq\selenium\selenium-edge-driver\2.53.1\selenium-edge-driver-2.53.1.jar;C:\Users\PWAXG01\.m2\repository\commons-io\commons-io\2.4\commons-io-2.4.jar;C:\Users\PWAXG01\.m2\repository\org\apache\commons\commons-exec\1.3\commons-exec-1.3.jar;C:\Users\PWAXG01\.m2\repository\org\seleniumhq\selenium\htmlunit-driver\2.21\htmlunit-driver-2.21.jar;C:\Users\PWAXG01\.m2\repository\net\sourceforge\htmlunit\htmlunit\2.21\htmlunit-2.21.jar;C:\Users\PWAXG01\.m2\repository\xalan\xalan\2.7.2\xalan-2.7.2.jar;C:\Users\PWAXG01\.m2\repository\xalan\serializer\2.7.2\serializer-2.7.2.jar;C:\Users\PWAXG01\.m2\repository\org\apache\commons\commons-lang3\3.4\commons-lang3-3.4.jar;C:\Users\PWAXG01\.m2\repository\org\apache\httpcomponents\httpmime\4.5.2\httpmime-4.5.2.jar;C:\Users\PWAXG01\.m2\repository\commons-codec\commons-codec\1.10\commons-codec-1.10.jar;C:\Users\PWAXG01\.m2\repository\net\sourceforge\htmlunit\htmlunit-core-js\2
Launcher Type: SUN_STANDARD

Environment Variables:
JAVA_HOME=C:\Program Files\Java\jdk1.8.0_121
PATH=C:/Program Files/Java/jre1.8.0_121/bin/server;C:/Program Files/Java/jre1.8.0_121/bin;C:/Program Files/Java/jre1.8.0_121/lib/amd64;C:\ProgramData\Oracle\Java\javapath;C:\Windows\system32;C:\Windows;C:\Windows\System32\Wbem;C:\Windows\System32\WindowsPowerShell\v1.0\;C:\Windows\System32\WindowsPowerShell\v1.0\;C:\Windows\System32\WindowsPowerShell\v1.0\;C:\Program Files\Common Files\ThinPrint\;C:\Oracle\product\11.2.0\client_1\bin;C:\Oracle\Oracle_12c_client\product\12.1.0\client_2\bin;C:\oracle\product\11.2.0\client_1\bin;C:\Program Files\Java\jdk1.8.0_121\bin;C:\Program Files\Microsoft SQL Server\110\Tools\Binn\;C:\Program Files (x86)\Microsoft SDKs\TypeScript\1.0\;C:\Program Files\eclipse;
USERNAME=PWAXG01
OS=Windows_NT
PROCESSOR_IDENTIFIER=Intel64 Family 6 Model 58 Stepping 0, GenuineIntel



---------------  S Y S T E M  ---------------

OS: Windows 7 , 64 bit Build 7601 (6.1.7601.24150)

CPU:total 2 (1 cores per cpu, 1 threads per core) family 6 model 58 stepping 0, cmov, cx8, fxsr, mmx, sse, sse2, sse3, ssse3, sse4.1, sse4.2, popcnt, avx, aes, clmul, erms, tsc, tscinvbit, tscinv

Memory: 4k page, physical 4193848k(399064k free), swap 4254576k(4072k free)

vm_info: Java HotSpot(TM) 64-Bit Server VM (25.121-b13) for windows-amd64 JRE (1.8.0_121-b13), built on Dec 12 2016 18:21:36 by "java_re" with MS VC++ 10.0 (VS2010)

time: Wed Jul 18 08:55:02 2018
elapsed time: 0 seconds (0d 0h 0m 0s)

