#
# There is insufficient memory for the Java Runtime Environment to continue.
# Native memory allocation (malloc) failed to allocate 38256 bytes for Chunk::new
# Possible reasons:
#   The system is out of physical RAM or swap space
#   In 32 bit mode, the process size limit was hit
# Possible solutions:
#   Reduce memory load on the system
#   Increase physical memory or swap space
#   Check if swap backing store is full
#   Use 64 bit Java on a 64 bit OS
#   Decrease Java heap size (-Xmx/-Xms)
#   Decrease number of Java threads
#   Decrease Java thread stack sizes (-Xss)
#   Set larger code cache with -XX:ReservedCodeCacheSize=
# This output file may be truncated or incomplete.
#
#  Out of Memory Error (allocation.cpp:390), pid=6888, tid=0x0000000000002240
#
# JRE version: Java(TM) SE Runtime Environment (8.0_121-b13) (build 1.8.0_121-b13)
# Java VM: Java HotSpot(TM) 64-Bit Server VM (25.121-b13 mixed mode windows-amd64 compressed oops)
# Failed to write core dump. Minidumps are not enabled by default on client versions of Windows
#

---------------  T H R E A D  ---------------

Current thread (0x0000000054999000):  JavaThread "C2 CompilerThread0" daemon [_thread_in_native, id=8768, stack(0x0000000055ca0000,0x0000000055da0000)]

Stack: [0x0000000055ca0000,0x0000000055da0000]
[error occurred during error reporting (printing stack bounds), id 0xc0000005]

Native frames: (J=compiled Java code, j=interpreted, Vv=VM code, C=native code)


Current CompileTask:
C2:   8899  845  s!   4       sun.misc.URLClassPath::getLoader (243 bytes)


---------------  P R O C E S S  ---------------

Java Threads: ( => current thread )
  0x00000000567fa800 JavaThread "ReaderThread" [_thread_in_native, id=9820, stack(0x00000000573b0000,0x00000000574b0000)]
  0x0000000055f38800 JavaThread "Service Thread" daemon [_thread_blocked, id=8468, stack(0x0000000055b30000,0x0000000055c30000)]
  0x000000005499c000 JavaThread "C1 CompilerThread1" daemon [_thread_blocked, id=9452, stack(0x0000000055e20000,0x0000000055f20000)]
=>0x0000000054999000 JavaThread "C2 CompilerThread0" daemon [_thread_in_native, id=8768, stack(0x0000000055ca0000,0x0000000055da0000)]
  0x0000000054994000 JavaThread "Attach Listener" daemon [_thread_blocked, id=8716, stack(0x00000000559c0000,0x0000000055ac0000)]
  0x0000000054991800 JavaThread "Signal Dispatcher" daemon [_thread_blocked, id=9304, stack(0x00000000558c0000,0x00000000559c0000)]
  0x0000000054972000 JavaThread "Finalizer" daemon [_thread_blocked, id=7864, stack(0x00000000553a0000,0x00000000554a0000)]
  0x0000000054928800 JavaThread "Reference Handler" daemon [_thread_blocked, id=9264, stack(0x00000000556d0000,0x00000000557d0000)]
  0x0000000001ea3000 JavaThread "main" [_thread_in_native, id=9364, stack(0x0000000002230000,0x0000000002330000)]

Other Threads:
  0x0000000054920800 VMThread [stack: 0x0000000055510000,0x0000000055610000] [id=9892]
  0x00000000549a7800 WatcherThread [stack: 0x0000000056420000,0x0000000056520000] [id=6496]

VM state:not at safepoint (normal execution)

VM Mutex/Monitor currently owned by a thread: None

Heap:
 PSYoungGen      total 18944K, used 6116K [0x00000000eab00000, 0x00000000ec000000, 0x0000000100000000)
  eden space 16384K, 21% used [0x00000000eab00000,0x00000000eae7d0b8,0x00000000ebb00000)
  from space 2560K, 99% used [0x00000000ebb00000,0x00000000ebd7c010,0x00000000ebd80000)
  to   space 2560K, 0% used [0x00000000ebd80000,0x00000000ebd80000,0x00000000ec000000)
 ParOldGen       total 44032K, used 4178K [0x00000000c0000000, 0x00000000c2b00000, 0x00000000eab00000)
  object space 44032K, 9% used [0x00000000c0000000,0x00000000c0414ac0,0x00000000c2b00000)
 Metaspace       used 12761K, capacity 12832K, committed 13184K, reserved 1060864K
  class space    used 1529K, capacity 1554K, committed 1664K, reserved 1048576K

Card table byte_map: [0x00000000119c0000,0x0000000011bd0000] byte_map_base: 0x00000000113c0000

Marking Bits: (ParMarkBitMap*) 0x000000006f44b6d0
 Begin Bits: [0x0000000011df0000, 0x0000000012df0000)
 End Bits:   [0x0000000012df0000, 0x0000000013df0000)

Polling page: 0x0000000000210000

CodeCache: size=245760Kb used=3358Kb max_used=3370Kb free=242401Kb
 bounds [0x0000000002600000, 0x0000000002950000, 0x0000000011600000]
 total_blobs=1190 nmethods=844 adapters=259
 compilation: enabled

Compilation events (10 events):
Event: 8.636 Thread 0x0000000054999000 nmethod 840 0x00000000029477d0 code [0x0000000002947920, 0x0000000002947d28]
Event: 8.649 Thread 0x000000005499c000  841       1       java.util.Hashtable$Entry::getKey (5 bytes)
Event: 8.649 Thread 0x000000005499c000 nmethod 841 0x0000000002947510 code [0x0000000002947660, 0x0000000002947770]
Event: 8.649 Thread 0x000000005499c000  842       1       java.util.Hashtable$Entry::getValue (5 bytes)
Event: 8.649 Thread 0x000000005499c000 nmethod 842 0x0000000002947250 code [0x00000000029473a0, 0x00000000029474b0]
Event: 8.668 Thread 0x000000005499c000  843       3       java.lang.String::lastIndexOf (151 bytes)
Event: 8.668 Thread 0x000000005499c000 nmethod 843 0x0000000002948910 code [0x0000000002948ac0, 0x0000000002949010]
Event: 8.699 Thread 0x0000000054999000  844 %     4       java.util.HashMap::resize @ 154 (359 bytes)
Event: 8.704 Thread 0x0000000054999000 nmethod 844% 0x000000000294d750 code [0x000000000294d8c0, 0x000000000294ddd8]
Event: 8.872 Thread 0x0000000054999000  845  s!   4       sun.misc.URLClassPath::getLoader (243 bytes)

GC Heap History (6 events):
Event: 4.229 GC heap before
{Heap before GC invocations=1 (full 0):
 PSYoungGen      total 18944K, used 16384K [0x00000000eab00000, 0x00000000ec000000, 0x0000000100000000)
  eden space 16384K, 100% used [0x00000000eab00000,0x00000000ebb00000,0x00000000ebb00000)
  from space 2560K, 0% used [0x00000000ebd80000,0x00000000ebd80000,0x00000000ec000000)
  to   space 2560K, 0% used [0x00000000ebb00000,0x00000000ebb00000,0x00000000ebd80000)
 ParOldGen       total 44032K, used 0K [0x00000000c0000000, 0x00000000c2b00000, 0x00000000eab00000)
  object space 44032K, 0% used [0x00000000c0000000,0x00000000c0000000,0x00000000c2b00000)
 Metaspace       used 6938K, capacity 6976K, committed 7296K, reserved 1056768K
  class space    used 811K, capacity 818K, committed 896K, reserved 1048576K
Event: 4.239 GC heap after
Heap after GC invocations=1 (full 0):
 PSYoungGen      total 18944K, used 2553K [0x00000000eab00000, 0x00000000ec000000, 0x0000000100000000)
  eden space 16384K, 0% used [0x00000000eab00000,0x00000000eab00000,0x00000000ebb00000)
  from space 2560K, 99% used [0x00000000ebb00000,0x00000000ebd7e428,0x00000000ebd80000)
  to   space 2560K, 0% used [0x00000000ebd80000,0x00000000ebd80000,0x00000000ec000000)
 ParOldGen       total 44032K, used 544K [0x00000000c0000000, 0x00000000c2b00000, 0x00000000eab00000)
  object space 44032K, 1% used [0x00000000c0000000,0x00000000c0088190,0x00000000c2b00000)
 Metaspace       used 6938K, capacity 6976K, committed 7296K, reserved 1056768K
  class space    used 811K, capacity 818K, committed 896K, reserved 1048576K
}
Event: 6.552 GC heap before
{Heap before GC invocations=2 (full 0):
 PSYoungGen      total 18944K, used 18937K [0x00000000eab00000, 0x00000000ec000000, 0x0000000100000000)
  eden space 16384K, 100% used [0x00000000eab00000,0x00000000ebb00000,0x00000000ebb00000)
  from space 2560K, 99% used [0x00000000ebb00000,0x00000000ebd7e428,0x00000000ebd80000)
  to   space 2560K, 0% used [0x00000000ebd80000,0x00000000ebd80000,0x00000000ec000000)
 ParOldGen       total 44032K, used 544K [0x00000000c0000000, 0x00000000c2b00000, 0x00000000eab00000)
  object space 44032K, 1% used [0x00000000c0000000,0x00000000c0088190,0x00000000c2b00000)
 Metaspace       used 10058K, capacity 10176K, committed 10496K, reserved 1058816K
  class space    used 1175K, capacity 1202K, committed 1280K, reserved 1048576K
Event: 6.558 GC heap after
Heap after GC invocations=2 (full 0):
 PSYoungGen      total 18944K, used 2535K [0x00000000eab00000, 0x00000000ec000000, 0x0000000100000000)
  eden space 16384K, 0% used [0x00000000eab00000,0x00000000eab00000,0x00000000ebb00000)
  from space 2560K, 99% used [0x00000000ebd80000,0x00000000ebff9df0,0x00000000ec000000)
  to   space 2560K, 0% used [0x00000000ebb00000,0x00000000ebb00000,0x00000000ebd80000)
 ParOldGen       total 44032K, used 1796K [0x00000000c0000000, 0x00000000c2b00000, 0x00000000eab00000)
  object space 44032K, 4% used [0x00000000c0000000,0x00000000c01c1110,0x00000000c2b00000)
 Metaspace       used 10058K, capacity 10176K, committed 10496K, reserved 1058816K
  class space    used 1175K, capacity 1202K, committed 1280K, reserved 1048576K
}
Event: 8.340 GC heap before
{Heap before GC invocations=3 (full 0):
 PSYoungGen      total 18944K, used 18919K [0x00000000eab00000, 0x00000000ec000000, 0x0000000100000000)
  eden space 16384K, 100% used [0x00000000eab00000,0x00000000ebb00000,0x00000000ebb00000)
  from space 2560K, 99% used [0x00000000ebd80000,0x00000000ebff9df0,0x00000000ec000000)
  to   space 2560K, 0% used [0x00000000ebb00000,0x00000000ebb00000,0x00000000ebd80000)
 ParOldGen       total 44032K, used 1796K [0x00000000c0000000, 0x00000000c2b00000, 0x00000000eab00000)
  object space 44032K, 4% used [0x00000000c0000000,0x00000000c01c1110,0x00000000c2b00000)
 Metaspace       used 12165K, capacity 12320K, committed 12544K, reserved 1060864K
  class space    used 1433K, capacity 1490K, committed 1536K, reserved 1048576K
Event: 8.353 GC heap after
Heap after GC invocations=3 (full 0):
 PSYoungGen      total 18944K, used 2544K [0x00000000eab00000, 0x00000000ec000000, 0x0000000100000000)
  eden space 16384K, 0% used [0x00000000eab00000,0x00000000eab00000,0x00000000ebb00000)
  from space 2560K, 99% used [0x00000000ebb00000,0x00000000ebd7c010,0x00000000ebd80000)
  to   space 2560K, 0% used [0x00000000ebd80000,0x00000000ebd80000,0x00000000ec000000)
 ParOldGen       total 44032K, used 4178K [0x00000000c0000000, 0x00000000c2b00000, 0x00000000eab00000)
  object space 44032K, 9% used [0x00000000c0000000,0x00000000c0414ac0,0x00000000c2b00000)
 Metaspace       used 12165K, capacity 12320K, committed 12544K, reserved 1060864K
  class space    used 1433K, capacity 1490K, committed 1536K, reserved 1048576K
}

Deoptimization events (6 events):
Event: 0.902 Thread 0x0000000001ea3000 Uncommon trap: reason=unstable_if action=reinterpret pc=0x0000000002719fe8 method=java.lang.String.hashCode()I @ 14
Event: 2.061 Thread 0x0000000001ea3000 Uncommon trap: reason=unstable_if action=reinterpret pc=0x00000000027736d8 method=java.lang.String.startsWith(Ljava/lang/String;I)Z @ 25
Event: 3.675 Thread 0x0000000001ea3000 Uncommon trap: reason=unstable_if action=reinterpret pc=0x00000000027a08c4 method=java.lang.String.indexOf([CII[CIII)I @ 3
Event: 3.767 Thread 0x0000000001ea3000 Uncommon trap: reason=unstable_if action=reinterpret pc=0x000000000281a664 method=java.io.WinNTFileSystem.normalize(Ljava/lang/String;)Ljava/lang/String; @ 128
Event: 5.418 Thread 0x0000000001ea3000 Uncommon trap: reason=range_check action=make_not_entrant pc=0x000000000289d690 method=sun.reflect.generics.parser.SignatureParser.current()C @ 34
Event: 5.687 Thread 0x0000000001ea3000 Uncommon trap: reason=unstable_if action=reinterpret pc=0x00000000027f8cbc method=java.lang.AbstractStringBuilder.append(Ljava/lang/String;)Ljava/lang/AbstractStringBuilder; @ 1

Internal exceptions (10 events):
Event: 7.538 Thread 0x0000000001ea3000 Exception <a 'java/security/PrivilegedActionException'> (0x00000000eb2ec7b8) thrown at [C:\re\workspace\8-2-build-windows-amd64-cygwin\jdk8u121\8372\hotspot\src\share\vm\prims\jvm.cpp, line 1390]
Event: 7.538 Thread 0x0000000001ea3000 Exception <a 'java/security/PrivilegedActionException'> (0x00000000eb2ecd98) thrown at [C:\re\workspace\8-2-build-windows-amd64-cygwin\jdk8u121\8372\hotspot\src\share\vm\prims\jvm.cpp, line 1390]
Event: 7.543 Thread 0x0000000001ea3000 Exception <a 'java/security/PrivilegedActionException'> (0x00000000eb2f7038) thrown at [C:\re\workspace\8-2-build-windows-amd64-cygwin\jdk8u121\8372\hotspot\src\share\vm\prims\jvm.cpp, line 1390]
Event: 7.543 Thread 0x0000000001ea3000 Exception <a 'java/security/PrivilegedActionException'> (0x00000000eb2f7618) thrown at [C:\re\workspace\8-2-build-windows-amd64-cygwin\jdk8u121\8372\hotspot\src\share\vm\prims\jvm.cpp, line 1390]
Event: 7.549 Thread 0x0000000001ea3000 Exception <a 'java/security/PrivilegedActionException'> (0x00000000eb301a18) thrown at [C:\re\workspace\8-2-build-windows-amd64-cygwin\jdk8u121\8372\hotspot\src\share\vm\prims\jvm.cpp, line 1390]
Event: 7.549 Thread 0x0000000001ea3000 Exception <a 'java/security/PrivilegedActionException'> (0x00000000eb301ff8) thrown at [C:\re\workspace\8-2-build-windows-amd64-cygwin\jdk8u121\8372\hotspot\src\share\vm\prims\jvm.cpp, line 1390]
Event: 7.553 Thread 0x0000000001ea3000 Exception <a 'java/security/PrivilegedActionException'> (0x00000000eb30c790) thrown at [C:\re\workspace\8-2-build-windows-amd64-cygwin\jdk8u121\8372\hotspot\src\share\vm\prims\jvm.cpp, line 1390]
Event: 7.553 Thread 0x0000000001ea3000 Exception <a 'java/security/PrivilegedActionException'> (0x00000000eb30cd70) thrown at [C:\re\workspace\8-2-build-windows-amd64-cygwin\jdk8u121\8372\hotspot\src\share\vm\prims\jvm.cpp, line 1390]
Event: 8.203 Thread 0x0000000001ea3000 Exception <a 'java/lang/OutOfMemoryError': (class: org/apache/xmlbeans/impl/piccolo/xml/PiccoloLexer, method: <clinit> signature: ()V) > (0x00000000eba13cb0) thrown at [C:\re\workspace\8-2-build-windows-amd64-cygwin\jdk8u121\8372\hotspot\src\share\vm\clas
Event: 8.203 Thread 0x0000000001ea3000 Exception <a 'java/lang/reflect/InvocationTargetException'> (0x00000000eba140a0) thrown at [C:\re\workspace\8-2-build-windows-amd64-cygwin\jdk8u121\8372\hotspot\src\share\vm\runtime\reflection.cpp, line 1092]

Events (10 events):
Event: 8.867 Executing VM operation: Deoptimize
Event: 8.867 Executing VM operation: Deoptimize done
Event: 8.868 loading class freemarker/log/Logger$1
Event: 8.868 loading class freemarker/log/Logger$1 done
Event: 8.877 loading class org/slf4j/Logger
Event: 8.877 loading class org/slf4j/Logger done
Event: 8.887 loading class freemarker/log/_Log4jLoggerFactory
Event: 8.887 loading class freemarker/log/_Log4jLoggerFactory done
Event: 8.896 loading class freemarker/log/_Log4jLoggerFactory$Log4jLogger
Event: 8.896 loading class freemarker/log/_Log4jLoggerFactory$Log4jLogger done


Dynamic libraries:
0x000000013f5b0000 - 0x000000013f5e7000 	C:\Program Files\Java\jdk1.8.0_121\bin\javaw.exe
0x0000000077910000 - 0x0000000077aaf000 	C:\Windows\SYSTEM32\ntdll.dll
0x00000000777f0000 - 0x000000007790f000 	C:\Windows\system32\kernel32.dll
0x000007fefd900000 - 0x000007fefd96a000 	C:\Windows\system32\KERNELBASE.dll
0x000007fefe730000 - 0x000007fefe80b000 	C:\Windows\system32\ADVAPI32.dll
0x000007feffb10000 - 0x000007feffbaf000 	C:\Windows\system32\msvcrt.dll
0x000007fefd9a0000 - 0x000007fefd9bf000 	C:\Windows\SYSTEM32\sechost.dll
0x000007feff740000 - 0x000007feff86d000 	C:\Windows\system32\RPCRT4.dll
0x00000000776f0000 - 0x00000000777ea000 	C:\Windows\system32\USER32.dll
0x000007fefe930000 - 0x000007fefe997000 	C:\Windows\system32\GDI32.dll
0x000007feff730000 - 0x000007feff73e000 	C:\Windows\system32\LPK.dll
0x000007fefdde0000 - 0x000007fefdeab000 	C:\Windows\system32\USP10.dll
0x000007fefbfa0000 - 0x000007fefc194000 	C:\Windows\WinSxS\amd64_microsoft.windows.common-controls_6595b64144ccf1df_6.0.7601.18837_none_fa3b1e3d17594757\COMCTL32.dll
0x000007fefe8b0000 - 0x000007fefe921000 	C:\Windows\system32\SHLWAPI.dll
0x000007fefe430000 - 0x000007fefe45e000 	C:\Windows\system32\IMM32.DLL
0x000007fefdeb0000 - 0x000007fefdfb9000 	C:\Windows\system32\MSCTF.dll
0x000007fefd520000 - 0x000007fefd545000 	C:\Windows\system32\vmwsci.dll
0x0000000077ac0000 - 0x0000000077ac7000 	C:\Windows\system32\PSAPI.DLL
0x0000000072a80000 - 0x0000000072b52000 	C:\Program Files\Java\jdk1.8.0_121\jre\bin\msvcr100.dll
0x000000006ec30000 - 0x000000006f4cb000 	C:\Program Files\Java\jdk1.8.0_121\jre\bin\server\jvm.dll
0x000007fef8f90000 - 0x000007fef8f99000 	C:\Windows\system32\WSOCK32.dll
0x000007feffbb0000 - 0x000007feffbfd000 	C:\Windows\system32\WS2_32.dll
0x000007fefdb50000 - 0x000007fefdb58000 	C:\Windows\system32\NSI.dll
0x000007fefadd0000 - 0x000007fefae0b000 	C:\Windows\system32\WINMM.dll
0x000007fefc860000 - 0x000007fefc86c000 	C:\Windows\system32\VERSION.dll
0x0000000072e00000 - 0x0000000072e0f000 	C:\Program Files\Java\jdk1.8.0_121\jre\bin\verify.dll
0x0000000072cb0000 - 0x0000000072cd9000 	C:\Program Files\Java\jdk1.8.0_121\jre\bin\java.dll
0x0000000072a60000 - 0x0000000072a76000 	C:\Program Files\Java\jdk1.8.0_121\jre\bin\zip.dll
0x000007fefe9a0000 - 0x000007feff72a000 	C:\Windows\system32\SHELL32.dll
0x000007feff910000 - 0x000007feffb0c000 	C:\Windows\system32\ole32.dll
0x000007fefd5e0000 - 0x000007fefd5ef000 	C:\Windows\system32\profapi.dll
0x0000000072a40000 - 0x0000000072a5a000 	C:\Program Files\Java\jdk1.8.0_121\jre\bin\net.dll
0x000007fefcd40000 - 0x000007fefcd95000 	C:\Windows\system32\mswsock.dll
0x000007fefcd30000 - 0x000007fefcd37000 	C:\Windows\System32\wship6.dll
0x000007fefc470000 - 0x000007fefc477000 	C:\Windows\System32\wshtcpip.dll
0x000007fefcbc0000 - 0x000007fefcc1b000 	C:\Windows\system32\DNSAPI.dll
0x000007fefb360000 - 0x000007fefb387000 	C:\Windows\system32\IPHLPAPI.DLL
0x000007fefb350000 - 0x000007fefb35b000 	C:\Windows\system32\WINNSI.DLL
0x000007fef9530000 - 0x000007fef9538000 	C:\Windows\system32\rasadhlp.dll
0x000007fef9df0000 - 0x000007fef9e43000 	C:\Windows\System32\fwpuclnt.dll
0x000007fefcda0000 - 0x000007fefcdb8000 	C:\Windows\system32\CRYPTSP.dll
0x000007fefcaa0000 - 0x000007fefcae7000 	C:\Windows\system32\rsaenh.dll
0x000007fefd820000 - 0x000007fefd83e000 	C:\Windows\system32\USERENV.dll
0x000007fefd410000 - 0x000007fefd41f000 	C:\Windows\system32\CRYPTBASE.dll
0x000007fefa8c0000 - 0x000007fefa8d1000 	C:\Windows\system32\dhcpcsvc6.DLL
0x000007fefa8a0000 - 0x000007fefa8b8000 	C:\Windows\system32\dhcpcsvc.DLL
0x0000000072760000 - 0x0000000072771000 	C:\Program Files\Java\jdk1.8.0_121\jre\bin\nio.dll
0x000007fefb160000 - 0x000007fefb175000 	C:\Windows\system32\NLAapi.dll
0x000007fef95e0000 - 0x000007fef95f5000 	C:\Windows\system32\napinsp.dll
0x000007fef9580000 - 0x000007fef9599000 	C:\Windows\system32\pnrpnsp.dll
0x000007fef9570000 - 0x000007fef957b000 	C:\Windows\System32\winrnr.dll

VM Arguments:
jvm_args: -ea -Dfile.encoding=Cp1252 
java_command: org.testng.remote.RemoteTestNG -serport 59726 -protocol json -d C:\Users\PWAXG01\workspace\DataDrivenFrameworkone\test-output C:\Users\PWAXG01\AppData\Local\Temp\testng-eclipse-619413214\testng-customsuite.xml
java_class_path (initial): C:\Program Files\eclipse\configuration\org.eclipse.osgi\489\0\.cp\lib\testng-remote.jar;C:\Users\PWAXG01\workspace\DataDrivenFrameworkone\target\test-classes;C:\Users\PWAXG01\workspace\DataDrivenFrameworkone\target\classes;C:\Users\PWAXG01\.m2\repository\org\seleniumhq\selenium\selenium-java\2.53.1\selenium-java-2.53.1.jar;C:\Users\PWAXG01\.m2\repository\org\seleniumhq\selenium\selenium-chrome-driver\2.53.1\selenium-chrome-driver-2.53.1.jar;C:\Users\PWAXG01\.m2\repository\org\seleniumhq\selenium\selenium-remote-driver\2.53.1\selenium-remote-driver-2.53.1.jar;C:\Users\PWAXG01\.m2\repository\cglib\cglib-nodep\2.1_3\cglib-nodep-2.1_3.jar;C:\Users\PWAXG01\.m2\repository\com\google\code\gson\gson\2.3.1\gson-2.3.1.jar;C:\Users\PWAXG01\.m2\repository\org\seleniumhq\selenium\selenium-api\2.53.1\selenium-api-2.53.1.jar;C:\Users\PWAXG01\.m2\repository\org\apache\httpcomponents\httpclient\4.5.1\httpclient-4.5.1.jar;C:\Users\PWAXG01\.m2\repository\org\apache\httpcomponents\httpcore\4.4.3\httpcore-4.4.3.jar;C:\Users\PWAXG01\.m2\repository\org\seleniumhq\selenium\selenium-edge-driver\2.53.1\selenium-edge-driver-2.53.1.jar;C:\Users\PWAXG01\.m2\repository\commons-io\commons-io\2.4\commons-io-2.4.jar;C:\Users\PWAXG01\.m2\repository\org\apache\commons\commons-exec\1.3\commons-exec-1.3.jar;C:\Users\PWAXG01\.m2\repository\org\seleniumhq\selenium\htmlunit-driver\2.21\htmlunit-driver-2.21.jar;C:\Users\PWAXG01\.m2\repository\net\sourceforge\htmlunit\htmlunit\2.21\htmlunit-2.21.jar;C:\Users\PWAXG01\.m2\repository\xalan\xalan\2.7.2\xalan-2.7.2.jar;C:\Users\PWAXG01\.m2\repository\xalan\serializer\2.7.2\serializer-2.7.2.jar;C:\Users\PWAXG01\.m2\repository\org\apache\commons\commons-lang3\3.4\commons-lang3-3.4.jar;C:\Users\PWAXG01\.m2\repository\org\apache\httpcomponents\httpmime\4.5.2\httpmime-4.5.2.jar;C:\Users\PWAXG01\.m2\repository\commons-codec\commons-codec\1.10\commons-codec-1.10.jar;C:\Users\PWAXG01\.m2\repository\net\sourceforge\htmlunit\htmlunit-core-js\2
Launcher Type: SUN_STANDARD

Environment Variables:
JAVA_HOME=C:\Program Files\Java\jdk1.8.0_121
PATH=C:/Program Files/Java/jre1.8.0_121/bin/server;C:/Program Files/Java/jre1.8.0_121/bin;C:/Program Files/Java/jre1.8.0_121/lib/amd64;C:\ProgramData\Oracle\Java\javapath;C:\Windows\system32;C:\Windows;C:\Windows\System32\Wbem;C:\Windows\System32\WindowsPowerShell\v1.0\;C:\Windows\System32\WindowsPowerShell\v1.0\;C:\Windows\System32\WindowsPowerShell\v1.0\;C:\Program Files\Common Files\ThinPrint\;C:\Oracle\product\11.2.0\client_1\bin;C:\Oracle\Oracle_12c_client\product\12.1.0\client_2\bin;C:\oracle\product\11.2.0\client_1\bin;C:\Program Files\Java\jdk1.8.0_121\bin;C:\Program Files\Microsoft SQL Server\110\Tools\Binn\;C:\Program Files (x86)\Microsoft SDKs\TypeScript\1.0\;C:\Program Files\eclipse;
USERNAME=PWAXG01
OS=Windows_NT
PROCESSOR_IDENTIFIER=Intel64 Family 6 Model 58 Stepping 0, GenuineIntel



---------------  S Y S T E M  ---------------

OS: Windows 7 , 64 bit Build 7601 (6.1.7601.24150)

CPU:total 2 (1 cores per cpu, 1 threads per core) family 6 model 58 stepping 0, cmov, cx8, fxsr, mmx, sse, sse2, sse3, ssse3, sse4.1, sse4.2, popcnt, avx, aes, clmul, erms, tsc, tscinvbit, tscinv

Memory: 4k page, physical 4193848k(434432k free), swap 4254576k(4260k free)

vm_info: Java HotSpot(TM) 64-Bit Server VM (25.121-b13) for windows-amd64 JRE (1.8.0_121-b13), built on Dec 12 2016 18:21:36 by "java_re" with MS VC++ 10.0 (VS2010)

time: Wed Jul 18 10:59:53 2018
elapsed time: 8 seconds (0d 0h 0m 8s)

