#
# There is insufficient memory for the Java Runtime Environment to continue.
# Native memory allocation (malloc) failed to allocate 117936 bytes for Chunk::new
# Possible reasons:
#   The system is out of physical RAM or swap space
#   In 32 bit mode, the process size limit was hit
# Possible solutions:
#   Reduce memory load on the system
#   Increase physical memory or swap space
#   Check if swap backing store is full
#   Use 64 bit Java on a 64 bit OS
#   Decrease Java heap size (-Xmx/-Xms)
#   Decrease number of Java threads
#   Decrease Java thread stack sizes (-Xss)
#   Set larger code cache with -XX:ReservedCodeCacheSize=
# This output file may be truncated or incomplete.
#
#  Out of Memory Error (allocation.cpp:390), pid=9220, tid=0x00000000000025a8
#
# JRE version: Java(TM) SE Runtime Environment (8.0_121-b13) (build 1.8.0_121-b13)
# Java VM: Java HotSpot(TM) 64-Bit Server VM (25.121-b13 mixed mode windows-amd64 compressed oops)
# Failed to write core dump. Minidumps are not enabled by default on client versions of Windows
#

---------------  T H R E A D  ---------------

Current thread (0x0000000054b78000):  JavaThread "C2 CompilerThread0" daemon [_thread_in_native, id=9640, stack(0x0000000055ee0000,0x0000000055fe0000)]

Stack: [0x0000000055ee0000,0x0000000055fe0000]
[error occurred during error reporting (printing stack bounds), id 0xc0000005]

Native frames: (J=compiled Java code, j=interpreted, Vv=VM code, C=native code)


Current CompileTask:
C2:  26153 1787 %     4       sun.nio.cs.SingleByte$Encoder::encodeArrayLoop @ 88 (236 bytes)


---------------  P R O C E S S  ---------------

Java Threads: ( => current thread )
  0x0000000057009000 JavaThread "UrlChecker-2" daemon [_thread_blocked, id=9648, stack(0x0000000059570000,0x0000000059670000)]
  0x0000000056ac4800 JavaThread "Exec Stream Pumper" daemon [_thread_in_native, id=9136, stack(0x0000000058da0000,0x0000000058ea0000)]
  0x0000000057eb3000 JavaThread "Exec Stream Pumper" daemon [_thread_in_native, id=8396, stack(0x00000000592e0000,0x00000000593e0000)]
  0x0000000057e8f000 JavaThread "Exec Default Executor" daemon [_thread_in_native, id=6464, stack(0x0000000059460000,0x0000000059560000)]
  0x0000000056b8d000 JavaThread "ReaderThread" [_thread_in_native, id=9344, stack(0x00000000576d0000,0x00000000577d0000)]
  0x0000000056180800 JavaThread "Service Thread" daemon [_thread_blocked, id=9548, stack(0x00000000565d0000,0x00000000566d0000)]
  0x0000000054b7b800 JavaThread "C1 CompilerThread1" daemon [_thread_in_vm, id=9564, stack(0x0000000056070000,0x0000000056170000)]
=>0x0000000054b78000 JavaThread "C2 CompilerThread0" daemon [_thread_in_native, id=9640, stack(0x0000000055ee0000,0x0000000055fe0000)]
  0x0000000054b73800 JavaThread "Attach Listener" daemon [_thread_blocked, id=9608, stack(0x0000000055c50000,0x0000000055d50000)]
  0x0000000054b71800 JavaThread "Signal Dispatcher" daemon [_thread_blocked, id=9600, stack(0x0000000055a80000,0x0000000055b80000)]
  0x0000000054b52000 JavaThread "Finalizer" daemon [_thread_blocked, id=9596, stack(0x00000000558d0000,0x00000000559d0000)]
  0x0000000054b08800 JavaThread "Reference Handler" daemon [_thread_blocked, id=9592, stack(0x00000000557c0000,0x00000000558c0000)]
  0x0000000001ee3000 JavaThread "Forwarding findElement on session 32067eccd4bdac718f9a853a91ffb8be to remote" [_thread_in_vm, id=9576, stack(0x00000000021f0000,0x00000000022f0000)]

Other Threads:
  0x0000000054b00800 VMThread [stack: 0x0000000055610000,0x0000000055710000] [id=9552]
  0x00000000561cb800 WatcherThread [stack: 0x00000000567c0000,0x00000000568c0000] [id=5372]

VM state:not at safepoint (normal execution)

VM Mutex/Monitor currently owned by a thread:  ([mutex/lock_event])
[0x0000000001ee0d50] CodeCache_lock - owner thread: 0x0000000054b7b800
[0x0000000001ee2300] Compile_lock - owner thread: 0x0000000054b7b800
[0x0000000001ee2400] MethodCompileQueue_lock - owner thread: 0x0000000054b7b800

Heap:
 PSYoungGen      total 22528K, used 10557K [0x00000000eab00000, 0x00000000ec780000, 0x0000000100000000)
  eden space 15872K, 66% used [0x00000000eab00000,0x00000000eb54f690,0x00000000eba80000)
  from space 6656K, 0% used [0x00000000eba80000,0x00000000eba80000,0x00000000ec100000)
  to   space 6656K, 0% used [0x00000000ec100000,0x00000000ec100000,0x00000000ec780000)
 ParOldGen       total 31232K, used 11227K [0x00000000c0000000, 0x00000000c1e80000, 0x00000000eab00000)
  object space 31232K, 35% used [0x00000000c0000000,0x00000000c0af6f18,0x00000000c1e80000)
 Metaspace       used 22030K, capacity 22298K, committed 22656K, reserved 1069056K
  class space    used 2810K, capacity 2899K, committed 2944K, reserved 1048576K

Card table byte_map: [0x0000000011980000,0x0000000011b90000] byte_map_base: 0x0000000011380000

Marking Bits: (ParMarkBitMap*) 0x000000006959b6d0
 Begin Bits: [0x0000000011fd0000, 0x0000000012fd0000)
 End Bits:   [0x0000000012fd0000, 0x0000000013fd0000)

Polling page: 0x0000000000110000

CodeCache: size=245760Kb used=5855Kb max_used=5855Kb free=239904Kb
 bounds [0x00000000025c0000, 0x0000000002b80000, 0x00000000115c0000]
 total_blobs=2213 nmethods=1782 adapters=342
 compilation: enabled

Compilation events (10 events):
Event: 26.145 Thread 0x0000000054b7b800 nmethod 1786 0x0000000002b76fd0 code [0x0000000002b77140, 0x0000000002b77390]
Event: 26.145 Thread 0x0000000054b7b800 1783       3       java.util.Formatter$Conversion::isGeneral (64 bytes)
Event: 26.145 Thread 0x0000000054b7b800 nmethod 1783 0x0000000002b76c90 code [0x0000000002b76de0, 0x0000000002b76f50]
Event: 26.145 Thread 0x0000000054b7b800 1785       1       org.openqa.selenium.remote.Command::getName (5 bytes)
Event: 26.145 Thread 0x0000000054b7b800 nmethod 1785 0x0000000002b769d0 code [0x0000000002b76b20, 0x0000000002b76c30]
Event: 26.145 Thread 0x0000000054b7b800 1784       1       java.util.Formatter$FormatSpecifier::index (5 bytes)
Event: 26.145 Thread 0x0000000054b7b800 nmethod 1784 0x0000000002b76710 code [0x0000000002b76860, 0x0000000002b76970]
Event: 26.148 Thread 0x0000000054b78000 1787 %     4       sun.nio.cs.SingleByte$Encoder::encodeArrayLoop @ 88 (236 bytes)
Event: 26.150 Thread 0x0000000054b7b800 1788       3       java.io.OutputStreamWriter::flush (8 bytes)
Event: 26.151 Thread 0x0000000054b7b800 nmethod 1788 0x0000000002b758d0 code [0x0000000002b75aa0, 0x0000000002b76248]

GC Heap History (10 events):
Event: 9.012 GC heap before
{Heap before GC invocations=4 (full 0):
 PSYoungGen      total 18944K, used 18930K [0x00000000eab00000, 0x00000000ec000000, 0x0000000100000000)
  eden space 16384K, 100% used [0x00000000eab00000,0x00000000ebb00000,0x00000000ebb00000)
  from space 2560K, 99% used [0x00000000ebb00000,0x00000000ebd7cb20,0x00000000ebd80000)
  to   space 2560K, 0% used [0x00000000ebd80000,0x00000000ebd80000,0x00000000ec000000)
 ParOldGen       total 44032K, used 4396K [0x00000000c0000000, 0x00000000c2b00000, 0x00000000eab00000)
  object space 44032K, 9% used [0x00000000c0000000,0x00000000c044b3e8,0x00000000c2b00000)
 Metaspace       used 14341K, capacity 14440K, committed 14720K, reserved 1062912K
  class space    used 1766K, capacity 1810K, committed 1920K, reserved 1048576K
Event: 9.018 GC heap after
Heap after GC invocations=4 (full 0):
 PSYoungGen      total 18944K, used 2535K [0x00000000eab00000, 0x00000000ec000000, 0x0000000100000000)
  eden space 16384K, 0% used [0x00000000eab00000,0x00000000eab00000,0x00000000ebb00000)
  from space 2560K, 99% used [0x00000000ebd80000,0x00000000ebff9ca0,0x00000000ec000000)
  to   space 2560K, 0% used [0x00000000ebb00000,0x00000000ebb00000,0x00000000ebd80000)
 ParOldGen       total 44032K, used 6724K [0x00000000c0000000, 0x00000000c2b00000, 0x00000000eab00000)
  object space 44032K, 15% used [0x00000000c0000000,0x00000000c06911c8,0x00000000c2b00000)
 Metaspace       used 14341K, capacity 14440K, committed 14720K, reserved 1062912K
  class space    used 1766K, capacity 1810K, committed 1920K, reserved 1048576K
}
Event: 11.066 GC heap before
{Heap before GC invocations=5 (full 0):
 PSYoungGen      total 18944K, used 18919K [0x00000000eab00000, 0x00000000ec000000, 0x0000000100000000)
  eden space 16384K, 100% used [0x00000000eab00000,0x00000000ebb00000,0x00000000ebb00000)
  from space 2560K, 99% used [0x00000000ebd80000,0x00000000ebff9ca0,0x00000000ec000000)
  to   space 2560K, 0% used [0x00000000ebb00000,0x00000000ebb00000,0x00000000ebd80000)
 ParOldGen       total 44032K, used 6724K [0x00000000c0000000, 0x00000000c2b00000, 0x00000000eab00000)
  object space 44032K, 15% used [0x00000000c0000000,0x00000000c06911c8,0x00000000c2b00000)
 Metaspace       used 18062K, capacity 18296K, committed 18560K, reserved 1064960K
  class space    used 2232K, capacity 2306K, committed 2432K, reserved 1048576K
Event: 11.073 GC heap after
Heap after GC invocations=5 (full 0):
 PSYoungGen      total 18944K, used 2535K [0x00000000eab00000, 0x00000000ec700000, 0x0000000100000000)
  eden space 16384K, 0% used [0x00000000eab00000,0x00000000eab00000,0x00000000ebb00000)
  from space 2560K, 99% used [0x00000000ebb00000,0x00000000ebd79ca0,0x00000000ebd80000)
  to   space 6144K, 0% used [0x00000000ec100000,0x00000000ec100000,0x00000000ec700000)
 ParOldGen       total 44032K, used 9182K [0x00000000c0000000, 0x00000000c2b00000, 0x00000000eab00000)
  object space 44032K, 20% used [0x00000000c0000000,0x00000000c08f7b58,0x00000000c2b00000)
 Metaspace       used 18062K, capacity 18296K, committed 18560K, reserved 1064960K
  class space    used 2232K, capacity 2306K, committed 2432K, reserved 1048576K
}
Event: 13.358 GC heap before
{Heap before GC invocations=6 (full 0):
 PSYoungGen      total 18944K, used 18919K [0x00000000eab00000, 0x00000000ec700000, 0x0000000100000000)
  eden space 16384K, 100% used [0x00000000eab00000,0x00000000ebb00000,0x00000000ebb00000)
  from space 2560K, 99% used [0x00000000ebb00000,0x00000000ebd79ca0,0x00000000ebd80000)
  to   space 6144K, 0% used [0x00000000ec100000,0x00000000ec100000,0x00000000ec700000)
 ParOldGen       total 44032K, used 9182K [0x00000000c0000000, 0x00000000c2b00000, 0x00000000eab00000)
  object space 44032K, 20% used [0x00000000c0000000,0x00000000c08f7b58,0x00000000c2b00000)
 Metaspace       used 20012K, capacity 20278K, committed 20608K, reserved 1067008K
  class space    used 2509K, capacity 2637K, committed 2688K, reserved 1048576K
Event: 13.369 GC heap after
Heap after GC invocations=6 (full 0):
 PSYoungGen      total 22016K, used 5628K [0x00000000eab00000, 0x00000000ec800000, 0x0000000100000000)
  eden space 15872K, 0% used [0x00000000eab00000,0x00000000eab00000,0x00000000eba80000)
  from space 6144K, 91% used [0x00000000ec100000,0x00000000ec67f0f0,0x00000000ec700000)
  to   space 6656K, 0% used [0x00000000eba80000,0x00000000eba80000,0x00000000ec100000)
 ParOldGen       total 44032K, used 9182K [0x00000000c0000000, 0x00000000c2b00000, 0x00000000eab00000)
  object space 44032K, 20% used [0x00000000c0000000,0x00000000c08f7b58,0x00000000c2b00000)
 Metaspace       used 20012K, capacity 20278K, committed 20608K, reserved 1067008K
  class space    used 2509K, capacity 2637K, committed 2688K, reserved 1048576K
}
Event: 14.501 GC heap before
{Heap before GC invocations=7 (full 0):
 PSYoungGen      total 22016K, used 12840K [0x00000000eab00000, 0x00000000ec800000, 0x0000000100000000)
  eden space 15872K, 45% used [0x00000000eab00000,0x00000000eb20b000,0x00000000eba80000)
  from space 6144K, 91% used [0x00000000ec100000,0x00000000ec67f0f0,0x00000000ec700000)
  to   space 6656K, 0% used [0x00000000eba80000,0x00000000eba80000,0x00000000ec100000)
 ParOldGen       total 44032K, used 9182K [0x00000000c0000000, 0x00000000c2b00000, 0x00000000eab00000)
  object space 44032K, 20% used [0x00000000c0000000,0x00000000c08f7b58,0x00000000c2b00000)
 Metaspace       used 20917K, capacity 21110K, committed 21248K, reserved 1067008K
  class space    used 2651K, capacity 2765K, committed 2816K, reserved 1048576K
Event: 14.508 GC heap after
Heap after GC invocations=7 (full 0):
 PSYoungGen      total 22528K, used 4757K [0x00000000eab00000, 0x00000000ec780000, 0x0000000100000000)
  eden space 15872K, 0% used [0x00000000eab00000,0x00000000eab00000,0x00000000eba80000)
  from space 6656K, 71% used [0x00000000eba80000,0x00000000ebf25748,0x00000000ec100000)
  to   space 6656K, 0% used [0x00000000ec100000,0x00000000ec100000,0x00000000ec780000)
 ParOldGen       total 44032K, used 9843K [0x00000000c0000000, 0x00000000c2b00000, 0x00000000eab00000)
  object space 44032K, 22% used [0x00000000c0000000,0x00000000c099cea8,0x00000000c2b00000)
 Metaspace       used 20917K, capacity 21110K, committed 21248K, reserved 1067008K
  class space    used 2651K, capacity 2765K, committed 2816K, reserved 1048576K
}
Event: 14.508 GC heap before
{Heap before GC invocations=8 (full 1):
 PSYoungGen      total 22528K, used 4757K [0x00000000eab00000, 0x00000000ec780000, 0x0000000100000000)
  eden space 15872K, 0% used [0x00000000eab00000,0x00000000eab00000,0x00000000eba80000)
  from space 6656K, 71% used [0x00000000eba80000,0x00000000ebf25748,0x00000000ec100000)
  to   space 6656K, 0% used [0x00000000ec100000,0x00000000ec100000,0x00000000ec780000)
 ParOldGen       total 44032K, used 9843K [0x00000000c0000000, 0x00000000c2b00000, 0x00000000eab00000)
  object space 44032K, 22% used [0x00000000c0000000,0x00000000c099cea8,0x00000000c2b00000)
 Metaspace       used 20917K, capacity 21110K, committed 21248K, reserved 1067008K
  class space    used 2651K, capacity 2765K, committed 2816K, reserved 1048576K
Event: 14.567 GC heap after
Heap after GC invocations=8 (full 1):
 PSYoungGen      total 22528K, used 0K [0x00000000eab00000, 0x00000000ec780000, 0x0000000100000000)
  eden space 15872K, 0% used [0x00000000eab00000,0x00000000eab00000,0x00000000eba80000)
  from space 6656K, 0% used [0x00000000eba80000,0x00000000eba80000,0x00000000ec100000)
  to   space 6656K, 0% used [0x00000000ec100000,0x00000000ec100000,0x00000000ec780000)
 ParOldGen       total 31232K, used 11227K [0x00000000c0000000, 0x00000000c1e80000, 0x00000000eab00000)
  object space 31232K, 35% used [0x00000000c0000000,0x00000000c0af6f18,0x00000000c1e80000)
 Metaspace       used 20917K, capacity 21110K, committed 21248K, reserved 1067008K
  class space    used 2651K, capacity 2765K, committed 2816K, reserved 1048576K
}

Deoptimization events (10 events):
Event: 12.725 Thread 0x0000000057009000 Uncommon trap: reason=unstable_if action=reinterpret pc=0x00000000029df8c4 method=java.lang.CharacterDataLatin1.digit(II)I @ 82
Event: 14.411 Thread 0x0000000001ee3000 Uncommon trap: reason=unstable_if action=reinterpret pc=0x00000000029fa718 method=java.util.regex.Pattern$BmpCharProperty.match(Ljava/util/regex/Matcher;ILjava/lang/CharSequence;)Z @ 34
Event: 14.990 Thread 0x0000000001ee3000 Uncommon trap: reason=unstable_if action=reinterpret pc=0x0000000002ae3c70 method=java.util.concurrent.ConcurrentHashMap.putVal(Ljava/lang/Object;Ljava/lang/Object;Z)Ljava/lang/Object; @ 206
Event: 19.814 Thread 0x0000000001ee3000 Uncommon trap: reason=class_check action=maybe_recompile pc=0x0000000002a7ef4c method=java.util.regex.Matcher.search(I)Z @ 86
Event: 19.814 Thread 0x0000000001ee3000 Uncommon trap: reason=class_check action=maybe_recompile pc=0x0000000002a7ef4c method=java.util.regex.Matcher.search(I)Z @ 86
Event: 19.814 Thread 0x0000000001ee3000 Uncommon trap: reason=class_check action=maybe_recompile pc=0x0000000002a05024 method=java.util.regex.Pattern$Curly.match(Ljava/util/regex/Matcher;ILjava/lang/CharSequence;)Z @ 19
Event: 19.815 Thread 0x0000000001ee3000 Uncommon trap: reason=class_check action=maybe_recompile pc=0x0000000002a7ef4c method=java.util.regex.Matcher.search(I)Z @ 86
Event: 19.815 Thread 0x0000000001ee3000 Uncommon trap: reason=class_check action=maybe_recompile pc=0x0000000002a05024 method=java.util.regex.Pattern$Curly.match(Ljava/util/regex/Matcher;ILjava/lang/CharSequence;)Z @ 19
Event: 19.815 Thread 0x0000000001ee3000 Uncommon trap: reason=class_check action=maybe_recompile pc=0x0000000002a05024 method=java.util.regex.Pattern$Curly.match(Ljava/util/regex/Matcher;ILjava/lang/CharSequence;)Z @ 19
Event: 19.816 Thread 0x0000000001ee3000 Uncommon trap: reason=class_check action=maybe_recompile pc=0x0000000002a05024 method=java.util.regex.Pattern$Curly.match(Ljava/util/regex/Matcher;ILjava/lang/CharSequence;)Z @ 19

Internal exceptions (10 events):
Event: 23.983 Thread 0x0000000001ee3000 Exception <a 'java/net/SocketTimeoutException': Read timed out> (0x00000000eb2761f0) thrown at [C:\re\workspace\8-2-build-windows-amd64-cygwin\jdk8u121\8372\hotspot\src\share\vm\prims\jni.cpp, line 735]
Event: 24.065 Thread 0x0000000001ee3000 Exception <a 'java/net/SocketTimeoutException': Read timed out> (0x00000000eb2dab18) thrown at [C:\re\workspace\8-2-build-windows-amd64-cygwin\jdk8u121\8372\hotspot\src\share\vm\prims\jni.cpp, line 735]
Event: 24.143 Thread 0x0000000001ee3000 Exception <a 'java/net/SocketTimeoutException': Read timed out> (0x00000000eb345620) thrown at [C:\re\workspace\8-2-build-windows-amd64-cygwin\jdk8u121\8372\hotspot\src\share\vm\prims\jni.cpp, line 735]
Event: 24.986 Thread 0x0000000001ee3000 Exception <a 'java/net/SocketTimeoutException': Read timed out> (0x00000000eb387470) thrown at [C:\re\workspace\8-2-build-windows-amd64-cygwin\jdk8u121\8372\hotspot\src\share\vm\prims\jni.cpp, line 735]
Event: 25.035 Thread 0x0000000001ee3000 Exception <a 'java/net/SocketTimeoutException': Read timed out> (0x00000000eb3cbcc0) thrown at [C:\re\workspace\8-2-build-windows-amd64-cygwin\jdk8u121\8372\hotspot\src\share\vm\prims\jni.cpp, line 735]
Event: 25.119 Thread 0x0000000001ee3000 Exception <a 'java/net/SocketTimeoutException': Read timed out> (0x00000000eb40e0a8) thrown at [C:\re\workspace\8-2-build-windows-amd64-cygwin\jdk8u121\8372\hotspot\src\share\vm\prims\jni.cpp, line 735]
Event: 25.165 Thread 0x0000000001ee3000 Exception <a 'java/net/SocketTimeoutException': Read timed out> (0x00000000eb452fa8) thrown at [C:\re\workspace\8-2-build-windows-amd64-cygwin\jdk8u121\8372\hotspot\src\share\vm\prims\jni.cpp, line 735]
Event: 25.860 Thread 0x0000000001ee3000 Exception <a 'java/net/SocketTimeoutException': Read timed out> (0x00000000eb494e70) thrown at [C:\re\workspace\8-2-build-windows-amd64-cygwin\jdk8u121\8372\hotspot\src\share\vm\prims\jni.cpp, line 735]
Event: 25.916 Thread 0x0000000001ee3000 Exception <a 'java/net/SocketTimeoutException': Read timed out> (0x00000000eb4d9ea8) thrown at [C:\re\workspace\8-2-build-windows-amd64-cygwin\jdk8u121\8372\hotspot\src\share\vm\prims\jni.cpp, line 735]
Event: 26.146 Thread 0x0000000001ee3000 Exception <a 'java/net/SocketTimeoutException': Read timed out> (0x00000000eb51c2a0) thrown at [C:\re\workspace\8-2-build-windows-amd64-cygwin\jdk8u121\8372\hotspot\src\share\vm\prims\jni.cpp, line 735]

Events (10 events):
Event: 24.099 loading class org/openqa/selenium/WebElement
Event: 24.099 loading class org/openqa/selenium/WebElement done
Event: 24.103 loading class org/openqa/selenium/internal/WrapsDriver
Event: 24.103 loading class org/openqa/selenium/internal/WrapsDriver done
Event: 24.107 loading class org/openqa/selenium/internal/Locatable
Event: 24.107 loading class org/openqa/selenium/internal/Locatable done
Event: 24.111 loading class org/openqa/selenium/internal/HasIdentity
Event: 24.111 loading class org/openqa/selenium/internal/HasIdentity done
Event: 24.121 loading class org/openqa/selenium/interactions/internal/Coordinates
Event: 24.121 loading class org/openqa/selenium/interactions/internal/Coordinates done


Dynamic libraries:
0x000000013f590000 - 0x000000013f5c7000 	C:\Program Files\Java\jdk1.8.0_121\bin\javaw.exe
0x0000000077910000 - 0x0000000077aaf000 	C:\Windows\SYSTEM32\ntdll.dll
0x00000000777f0000 - 0x000000007790f000 	C:\Windows\system32\kernel32.dll
0x000007fefd900000 - 0x000007fefd96a000 	C:\Windows\system32\KERNELBASE.dll
0x000007fefe730000 - 0x000007fefe80b000 	C:\Windows\system32\ADVAPI32.dll
0x000007feffb10000 - 0x000007feffbaf000 	C:\Windows\system32\msvcrt.dll
0x000007fefd9a0000 - 0x000007fefd9bf000 	C:\Windows\SYSTEM32\sechost.dll
0x000007feff740000 - 0x000007feff86d000 	C:\Windows\system32\RPCRT4.dll
0x00000000776f0000 - 0x00000000777ea000 	C:\Windows\system32\USER32.dll
0x000007fefe930000 - 0x000007fefe997000 	C:\Windows\system32\GDI32.dll
0x000007feff730000 - 0x000007feff73e000 	C:\Windows\system32\LPK.dll
0x000007fefdde0000 - 0x000007fefdeab000 	C:\Windows\system32\USP10.dll
0x000007fefbfa0000 - 0x000007fefc194000 	C:\Windows\WinSxS\amd64_microsoft.windows.common-controls_6595b64144ccf1df_6.0.7601.18837_none_fa3b1e3d17594757\COMCTL32.dll
0x000007fefe8b0000 - 0x000007fefe921000 	C:\Windows\system32\SHLWAPI.dll
0x000007fefe430000 - 0x000007fefe45e000 	C:\Windows\system32\IMM32.DLL
0x000007fefdeb0000 - 0x000007fefdfb9000 	C:\Windows\system32\MSCTF.dll
0x000007fefd520000 - 0x000007fefd545000 	C:\Windows\system32\vmwsci.dll
0x0000000077ac0000 - 0x0000000077ac7000 	C:\Windows\system32\PSAPI.DLL
0x000000006ad50000 - 0x000000006ae22000 	C:\Program Files\Java\jdk1.8.0_121\jre\bin\msvcr100.dll
0x0000000068d80000 - 0x000000006961b000 	C:\Program Files\Java\jdk1.8.0_121\jre\bin\server\jvm.dll
0x000007fef8f90000 - 0x000007fef8f99000 	C:\Windows\system32\WSOCK32.dll
0x000007feffbb0000 - 0x000007feffbfd000 	C:\Windows\system32\WS2_32.dll
0x000007fefdb50000 - 0x000007fefdb58000 	C:\Windows\system32\NSI.dll
0x000007fefadd0000 - 0x000007fefae0b000 	C:\Windows\system32\WINMM.dll
0x000007fefc860000 - 0x000007fefc86c000 	C:\Windows\system32\VERSION.dll
0x000000006ad40000 - 0x000000006ad4f000 	C:\Program Files\Java\jdk1.8.0_121\jre\bin\verify.dll
0x000000006ad10000 - 0x000000006ad39000 	C:\Program Files\Java\jdk1.8.0_121\jre\bin\java.dll
0x000000006acf0000 - 0x000000006ad06000 	C:\Program Files\Java\jdk1.8.0_121\jre\bin\zip.dll
0x000007fefe9a0000 - 0x000007feff72a000 	C:\Windows\system32\SHELL32.dll
0x000007feff910000 - 0x000007feffb0c000 	C:\Windows\system32\ole32.dll
0x000007fefd5e0000 - 0x000007fefd5ef000 	C:\Windows\system32\profapi.dll
0x000000006acd0000 - 0x000000006acea000 	C:\Program Files\Java\jdk1.8.0_121\jre\bin\net.dll
0x000007fefcd40000 - 0x000007fefcd95000 	C:\Windows\system32\mswsock.dll
0x000007fefcd30000 - 0x000007fefcd37000 	C:\Windows\System32\wship6.dll
0x000007fefc470000 - 0x000007fefc477000 	C:\Windows\System32\wshtcpip.dll
0x000007fefcbc0000 - 0x000007fefcc1b000 	C:\Windows\system32\DNSAPI.dll
0x000007fefb360000 - 0x000007fefb387000 	C:\Windows\system32\IPHLPAPI.DLL
0x000007fefb350000 - 0x000007fefb35b000 	C:\Windows\system32\WINNSI.DLL
0x000007fef9530000 - 0x000007fef9538000 	C:\Windows\system32\rasadhlp.dll
0x000007fef9df0000 - 0x000007fef9e43000 	C:\Windows\System32\fwpuclnt.dll
0x000007fefcda0000 - 0x000007fefcdb8000 	C:\Windows\system32\CRYPTSP.dll
0x000007fefcaa0000 - 0x000007fefcae7000 	C:\Windows\system32\rsaenh.dll
0x000007fefd820000 - 0x000007fefd83e000 	C:\Windows\system32\USERENV.dll
0x000007fefd410000 - 0x000007fefd41f000 	C:\Windows\system32\CRYPTBASE.dll
0x000007fefa8c0000 - 0x000007fefa8d1000 	C:\Windows\system32\dhcpcsvc6.DLL
0x000007fefa8a0000 - 0x000007fefa8b8000 	C:\Windows\system32\dhcpcsvc.DLL
0x000000006acb0000 - 0x000000006acc1000 	C:\Program Files\Java\jdk1.8.0_121\jre\bin\nio.dll
0x000007fefb160000 - 0x000007fefb175000 	C:\Windows\system32\NLAapi.dll
0x000007fef95e0000 - 0x000007fef95f5000 	C:\Windows\system32\napinsp.dll
0x000007fef9580000 - 0x000007fef9599000 	C:\Windows\system32\pnrpnsp.dll
0x000007fef9570000 - 0x000007fef957b000 	C:\Windows\System32\winrnr.dll
0x000000006ac80000 - 0x000000006aca4000 	C:\Program Files\Java\jdk1.8.0_121\jre\bin\sunec.dll
0x000007fefd3b0000 - 0x000007fefd407000 	C:\Windows\system32\apphelp.dll

VM Arguments:
jvm_args: -ea -Dfile.encoding=Cp1252 
java_command: org.testng.remote.RemoteTestNG -serport 54452 -protocol json -d C:\Users\PWAXG01\workspace\DataDrivenFrameworkone\test-output C:\Users\PWAXG01\AppData\Local\Temp\testng-eclipse-1060905802\testng-customsuite.xml
java_class_path (initial): C:\Program Files\eclipse\configuration\org.eclipse.osgi\489\0\.cp\lib\testng-remote.jar;C:\Users\PWAXG01\workspace\DataDrivenFrameworkone\target\test-classes;C:\Users\PWAXG01\workspace\DataDrivenFrameworkone\target\classes;C:\Users\PWAXG01\.m2\repository\org\seleniumhq\selenium\selenium-java\2.53.1\selenium-java-2.53.1.jar;C:\Users\PWAXG01\.m2\repository\org\seleniumhq\selenium\selenium-chrome-driver\2.53.1\selenium-chrome-driver-2.53.1.jar;C:\Users\PWAXG01\.m2\repository\org\seleniumhq\selenium\selenium-remote-driver\2.53.1\selenium-remote-driver-2.53.1.jar;C:\Users\PWAXG01\.m2\repository\cglib\cglib-nodep\2.1_3\cglib-nodep-2.1_3.jar;C:\Users\PWAXG01\.m2\repository\com\google\code\gson\gson\2.3.1\gson-2.3.1.jar;C:\Users\PWAXG01\.m2\repository\org\seleniumhq\selenium\selenium-api\2.53.1\selenium-api-2.53.1.jar;C:\Users\PWAXG01\.m2\repository\org\apache\httpcomponents\httpclient\4.5.1\httpclient-4.5.1.jar;C:\Users\PWAXG01\.m2\repository\org\apache\httpcomponents\httpcore\4.4.3\httpcore-4.4.3.jar;C:\Users\PWAXG01\.m2\repository\org\seleniumhq\selenium\selenium-edge-driver\2.53.1\selenium-edge-driver-2.53.1.jar;C:\Users\PWAXG01\.m2\repository\commons-io\commons-io\2.4\commons-io-2.4.jar;C:\Users\PWAXG01\.m2\repository\org\apache\commons\commons-exec\1.3\commons-exec-1.3.jar;C:\Users\PWAXG01\.m2\repository\org\seleniumhq\selenium\htmlunit-driver\2.21\htmlunit-driver-2.21.jar;C:\Users\PWAXG01\.m2\repository\net\sourceforge\htmlunit\htmlunit\2.21\htmlunit-2.21.jar;C:\Users\PWAXG01\.m2\repository\xalan\xalan\2.7.2\xalan-2.7.2.jar;C:\Users\PWAXG01\.m2\repository\xalan\serializer\2.7.2\serializer-2.7.2.jar;C:\Users\PWAXG01\.m2\repository\org\apache\commons\commons-lang3\3.4\commons-lang3-3.4.jar;C:\Users\PWAXG01\.m2\repository\org\apache\httpcomponents\httpmime\4.5.2\httpmime-4.5.2.jar;C:\Users\PWAXG01\.m2\repository\commons-codec\commons-codec\1.10\commons-codec-1.10.jar;C:\Users\PWAXG01\.m2\repository\net\sourceforge\htmlunit\htmlunit-core-js\2
Launcher Type: SUN_STANDARD

Environment Variables:
JAVA_HOME=C:\Program Files\Java\jdk1.8.0_121
PATH=C:/Program Files/Java/jre1.8.0_121/bin/server;C:/Program Files/Java/jre1.8.0_121/bin;C:/Program Files/Java/jre1.8.0_121/lib/amd64;C:\ProgramData\Oracle\Java\javapath;C:\Windows\system32;C:\Windows;C:\Windows\System32\Wbem;C:\Windows\System32\WindowsPowerShell\v1.0\;C:\Windows\System32\WindowsPowerShell\v1.0\;C:\Windows\System32\WindowsPowerShell\v1.0\;C:\Program Files\Common Files\ThinPrint\;C:\Oracle\product\11.2.0\client_1\bin;C:\Oracle\Oracle_12c_client\product\12.1.0\client_2\bin;C:\oracle\product\11.2.0\client_1\bin;C:\Program Files\Java\jdk1.8.0_121\bin;C:\Program Files\Microsoft SQL Server\110\Tools\Binn\;C:\Program Files (x86)\Microsoft SDKs\TypeScript\1.0\;C:\Program Files\eclipse;
USERNAME=PWAXG01
OS=Windows_NT
PROCESSOR_IDENTIFIER=Intel64 Family 6 Model 58 Stepping 0, GenuineIntel



---------------  S Y S T E M  ---------------

OS: Windows 7 , 64 bit Build 7601 (6.1.7601.24150)

CPU:total 2 (1 cores per cpu, 1 threads per core) family 6 model 58 stepping 0, cmov, cx8, fxsr, mmx, sse, sse2, sse3, ssse3, sse4.1, sse4.2, popcnt, avx, aes, clmul, erms, tsc, tscinvbit, tscinv

Memory: 4k page, physical 4193848k(160912k free), swap 4254576k(4812k free)

vm_info: Java HotSpot(TM) 64-Bit Server VM (25.121-b13) for windows-amd64 JRE (1.8.0_121-b13), built on Dec 12 2016 18:21:36 by "java_re" with MS VC++ 10.0 (VS2010)

time: Tue Jul 17 16:47:17 2018
elapsed time: 26 seconds (0d 0h 0m 26s)

